2023-01-16 18:02:28,842  INFO [main] letcodeProject:22 - Browser Opened
2023-01-16 18:02:29,250  INFO [main] letcodeProject:25 - Browser Maximized
2023-01-16 18:03:13,075  INFO [main] letcodeProject:30 - URL Opened
2023-01-16 18:03:14,538  INFO [main] letcodeProject:37 - Browser Closed
2023-01-16 18:06:30,144  INFO [main] letcodeProject:22 - Browser Opened
2023-01-16 18:06:35,955  INFO [main] letcodeProject:25 - Browser Maximized
2023-01-16 18:07:12,730  INFO [main] letcodeProject:30 - URL Opened
2023-01-16 18:07:12,754  INFO [main] letcodeProject:12 - https://letcode.in
2023-01-16 18:07:12,772  INFO [main] letcodeProject:14 - https://letcode.in/
2023-01-16 18:07:13,210  INFO [main] letcodeProject:37 - Browser Closed
2023-01-16 18:08:15,503  INFO [main] letcodeProject:22 - Browser Opened
2023-01-16 18:08:16,009  INFO [main] letcodeProject:25 - Browser Maximized
2023-01-16 18:08:35,921  INFO [main] letcodeProject:30 - URL Opened
2023-01-16 18:08:35,948  INFO [main] letcodeProject:12 - https://letcode.in/
2023-01-16 18:08:35,970  INFO [main] letcodeProject:14 - https://letcode.in/
2023-01-16 18:08:36,437  INFO [main] letcodeProject:37 - Browser Closed
2023-01-16 18:43:20,010  INFO [main] letcodeProject:22 - Browser Opened
2023-01-16 18:43:20,479  INFO [main] letcodeProject:25 - Browser Maximized
2023-01-16 18:43:40,508  INFO [main] letcodeProject:30 - URL Opened
2023-01-16 18:43:41,109  INFO [main] letcodeProject:17 - https://letcode.in/
2023-01-16 18:43:41,127  INFO [main] letcodeProject:19 - https://letcode.in/
2023-01-16 18:43:41,861  INFO [main] letcodeProject:37 - Browser Closed
2023-01-17 11:12:20,385  INFO [main] letcodeProject:22 - Browser Opened
2023-01-17 11:12:20,677  INFO [main] letcodeProject:25 - Browser Maximized
2023-01-17 11:12:49,980  INFO [main] letcodeProject:30 - URL Opened
2023-01-17 11:12:50,509  INFO [main] letcodeProject:17 - https://letcode.in/
2023-01-17 11:12:50,542  INFO [main] letcodeProject:19 - https://letcode.in/
2023-01-17 11:12:50,553  INFO [main] letcodeProject:22 - LetCode with Koushik
2023-01-17 11:12:50,568  INFO [main] letcodeProject:24 - LetCode with Koushik
2023-01-17 11:12:51,005  INFO [main] letcodeProject:37 - Browser Closed
2023-01-17 11:50:57,358  INFO [main] letcodeProject:22 - Browser Opened
2023-01-17 11:50:57,630  INFO [main] letcodeProject:25 - Browser Maximized
2023-01-17 11:51:47,946  INFO [main] letcodeProject:30 - URL Opened
2023-01-17 11:51:48,561  INFO [main] letcodeProject:16 - Explore Workspace
2023-01-17 11:51:49,590  INFO [main] letcodeProject:37 - Browser Closed
2023-01-17 11:57:07,776  INFO [main] letcodeProject:22 - Browser Opened
2023-01-17 11:57:08,373  INFO [main] letcodeProject:25 - Browser Maximized
2023-01-17 11:57:39,490  INFO [main] letcodeProject:30 - URL Opened
2023-01-17 11:57:39,938  INFO [main] letcodeProject:16 - Explore Workspace
2023-01-17 11:57:40,956  INFO [main] letcodeProject:37 - Browser Closed
2023-01-17 12:02:33,100  INFO [main] letcodeProject:22 - Browser Opened
2023-01-17 12:02:44,789  INFO [main] letcodeProject:25 - Browser Maximized
2023-01-17 12:03:38,289  INFO [main] letcodeProject:30 - URL Opened
2023-01-17 12:03:38,586  INFO [main] letcodeProject:16 - Explore Workspace
2023-01-17 12:03:39,447  INFO [main] letcodeProject:37 - Browser Closed
2023-01-17 13:34:54,844  INFO [TestNG-test=ChromeTest-1] letcodeProject:39 - Browser Opened
2023-01-17 13:34:54,842  INFO [TestNG-test=ChromeTest-2] letcodeProject:39 - Browser Opened
2023-01-17 13:34:56,709  INFO [TestNG-test=ChromeTest-2] letcodeProject:42 - Browser Maximized
2023-01-17 13:34:56,725  INFO [TestNG-test=ChromeTest-1] letcodeProject:42 - Browser Maximized
2023-01-17 13:36:21,523  INFO [TestNG-test=ChromeTest-2] letcodeProject:47 - URL Opened
2023-01-17 13:36:23,127  INFO [TestNG-test=ChromeTest-1] letcodeProject:47 - URL Opened
2023-01-17 13:43:34,578  INFO [TestNG-test=ChromeTest-1] letcodeProject:39 - Browser Opened
2023-01-17 13:43:34,933  INFO [TestNG-test=ChromeTest-1] letcodeProject:42 - Browser Maximized
2023-01-17 13:43:34,971  INFO [TestNG-test=ChromeTest-2] letcodeProject:39 - Browser Opened
2023-01-17 13:43:35,503  INFO [TestNG-test=ChromeTest-2] letcodeProject:42 - Browser Maximized
2023-01-17 13:45:37,556  INFO [TestNG-test=ChromeTest-1] letcodeProject:47 - URL Opened
2023-01-17 13:45:37,910  INFO [TestNG-test=ChromeTest-1] letcodeProject:19 - https://letcode.in/
2023-01-17 13:45:37,926  INFO [TestNG-test=ChromeTest-1] letcodeProject:21 - https://letcode.in/
2023-01-17 13:45:37,930  INFO [TestNG-test=ChromeTest-1] letcodeProject:24 - LetCode with Koushik
2023-01-17 13:45:38,005  INFO [TestNG-test=ChromeTest-1] letcodeProject:26 - LetCode with Koushik
2023-01-17 13:45:38,906  INFO [TestNG-test=ChromeTest-1] letcodeProject:55 - Browser Closed
2023-01-17 13:45:54,305  INFO [TestNG-test=ChromeTest-2] letcodeProject:47 - URL Opened
2023-01-17 13:45:54,442  INFO [TestNG-test=ChromeTest-2] letcodeProject:18 - Explore Workspace
2023-01-17 13:45:54,819  INFO [TestNG-test=ChromeTest-2] letcodeProject:55 - Browser Closed
2023-01-17 13:47:41,810  INFO [TestNG-test=ChromeTest-1] letcodeProject:39 - Browser Opened
2023-01-17 13:47:41,808  INFO [TestNG-test=ChromeTest-2] letcodeProject:39 - Browser Opened
2023-01-17 13:47:42,366  INFO [TestNG-test=ChromeTest-2] letcodeProject:42 - Browser Maximized
2023-01-17 13:47:42,653  INFO [TestNG-test=ChromeTest-1] letcodeProject:42 - Browser Maximized
2023-01-17 13:48:06,112  INFO [TestNG-test=FirefoxTest-2] letcodeProject:39 - Browser Opened
2023-01-17 13:48:06,130  INFO [TestNG-test=FirefoxTest-2] letcodeProject:42 - Browser Maximized
2023-01-17 13:48:25,423  INFO [TestNG-test=FirefoxTest-1] letcodeProject:39 - Browser Opened
2023-01-17 13:48:25,467  INFO [TestNG-test=FirefoxTest-1] letcodeProject:42 - Browser Maximized
2023-01-17 13:50:12,391  INFO [TestNG-test=ChromeTest-1] letcodeProject:47 - URL Opened
2023-01-17 13:50:13,888  INFO [TestNG-test=ChromeTest-1] letcodeProject:19 - https://letcode.in/
2023-01-17 13:50:13,958  INFO [TestNG-test=ChromeTest-1] letcodeProject:21 - https://letcode.in/
2023-01-17 13:50:13,969  INFO [TestNG-test=ChromeTest-1] letcodeProject:24 - LetCode with Koushik
2023-01-17 13:50:13,987  INFO [TestNG-test=ChromeTest-1] letcodeProject:26 - LetCode with Koushik
2023-01-17 13:50:16,570  INFO [TestNG-test=ChromeTest-2] letcodeProject:47 - URL Opened
2023-01-17 13:50:17,019  INFO [TestNG-test=ChromeTest-2] letcodeProject:18 - Explore Workspace
2023-01-17 13:50:18,123  INFO [TestNG-test=ChromeTest-2] letcodeProject:55 - Browser Closed
2023-01-17 13:50:18,327  INFO [TestNG-test=ChromeTest-1] letcodeProject:55 - Browser Closed
2023-01-17 13:50:24,379  INFO [TestNG-test=FirefoxTest-2] letcodeProject:47 - URL Opened
2023-01-17 13:50:24,611  INFO [TestNG-test=FirefoxTest-2] letcodeProject:18 - Explore Workspace
2023-01-17 13:50:26,725  INFO [TestNG-test=FirefoxTest-2] letcodeProject:55 - Browser Closed
2023-01-17 13:50:39,051  INFO [TestNG-test=FirefoxTest-1] letcodeProject:47 - URL Opened
2023-01-17 13:50:39,290  INFO [TestNG-test=FirefoxTest-1] letcodeProject:19 - https://letcode.in/
2023-01-17 13:50:39,299  INFO [TestNG-test=FirefoxTest-1] letcodeProject:21 - https://letcode.in/
2023-01-17 13:50:39,300  INFO [TestNG-test=FirefoxTest-1] letcodeProject:24 - LetCode with Koushik
2023-01-17 13:50:39,317  INFO [TestNG-test=FirefoxTest-1] letcodeProject:26 - LetCode with Koushik
2023-01-17 13:50:41,078  INFO [TestNG-test=FirefoxTest-1] letcodeProject:55 - Browser Closed
2023-01-17 14:31:44,760  INFO [TestNG-tests-1] letcodeProject:39 - Browser Opened
2023-01-17 14:31:45,229  INFO [TestNG-tests-1] letcodeProject:42 - Browser Maximized
2023-01-17 14:32:02,244  INFO [TestNG-tests-1] letcodeProject:47 - URL Opened
2023-01-17 14:32:07,394  INFO [TestNG-tests-1] letcodeProject:55 - Browser Closed
2023-01-17 14:32:09,950  INFO [TestNG-tests-2] letcodeProject:39 - Browser Opened
2023-01-17 14:32:09,969  INFO [TestNG-tests-2] letcodeProject:42 - Browser Maximized
2023-01-17 14:32:22,033  INFO [TestNG-tests-2] letcodeProject:47 - URL Opened
2023-01-17 14:32:25,727  INFO [TestNG-tests-2] letcodeProject:55 - Browser Closed
2023-01-17 14:38:54,376  INFO [TestNG-tests-1] letcodeProject:39 - Browser Opened
2023-01-17 14:38:54,747  INFO [TestNG-tests-1] letcodeProject:42 - Browser Maximized
2023-01-17 14:39:08,761  INFO [TestNG-tests-1] letcodeProject:47 - URL Opened
2023-01-17 14:39:43,847  INFO [TestNG-tests-1] letcodeProject:55 - Browser Closed
2023-01-17 14:39:45,891  INFO [TestNG-tests-2] letcodeProject:39 - Browser Opened
2023-01-17 14:39:45,907  INFO [TestNG-tests-2] letcodeProject:42 - Browser Maximized
2023-01-17 14:40:05,875  INFO [TestNG-tests-2] letcodeProject:47 - URL Opened
2023-01-17 14:40:39,217  INFO [TestNG-tests-2] letcodeProject:55 - Browser Closed
2023-01-17 14:41:10,830  INFO [TestNG-tests-1] letcodeProject:39 - Browser Opened
2023-01-17 14:41:11,167  INFO [TestNG-tests-1] letcodeProject:42 - Browser Maximized
2023-01-17 14:41:25,651  INFO [TestNG-tests-1] letcodeProject:47 - URL Opened
2023-01-17 14:41:57,854  INFO [TestNG-tests-1] letcodeProject:55 - Browser Closed
2023-01-17 14:42:00,698  INFO [TestNG-tests-2] letcodeProject:39 - Browser Opened
2023-01-17 14:42:00,714  INFO [TestNG-tests-2] letcodeProject:42 - Browser Maximized
2023-01-17 14:42:15,632  INFO [TestNG-tests-2] letcodeProject:47 - URL Opened
2023-01-17 14:42:48,470  INFO [TestNG-tests-2] letcodeProject:55 - Browser Closed
2023-01-17 15:16:54,076  INFO [TestNG-tests-1] letcodeProject:39 - Browser Opened
2023-01-17 15:16:54,419  INFO [TestNG-tests-1] letcodeProject:42 - Browser Maximized
2023-01-17 15:17:11,270  INFO [TestNG-tests-1] letcodeProject:47 - URL Opened
2023-01-17 15:17:42,500  INFO [TestNG-tests-1] letcodeProject:55 - Browser Closed
2023-01-17 15:17:44,788  INFO [TestNG-tests-2] letcodeProject:39 - Browser Opened
2023-01-17 15:17:44,809  INFO [TestNG-tests-2] letcodeProject:42 - Browser Maximized
2023-01-17 15:17:56,671  INFO [TestNG-tests-2] letcodeProject:47 - URL Opened
2023-01-17 15:18:29,691  INFO [TestNG-tests-2] letcodeProject:55 - Browser Closed
2023-01-17 15:23:06,246  INFO [TestNG-tests-1] letcodeProject:39 - Browser Opened
2023-01-17 15:23:06,597  INFO [TestNG-tests-1] letcodeProject:42 - Browser Maximized
2023-01-17 15:24:12,957  INFO [TestNG-tests-1] letcodeProject:47 - URL Opened
2023-01-17 15:25:43,298  INFO [TestNG-tests-1] letcodeProject:55 - Browser Closed
2023-01-17 15:26:40,984  INFO [TestNG-tests-2] letcodeProject:39 - Browser Opened
2023-01-17 15:26:41,139  INFO [TestNG-tests-2] letcodeProject:42 - Browser Maximized
2023-01-17 15:27:31,575  INFO [TestNG-tests-2] letcodeProject:47 - URL Opened
2023-01-17 15:29:15,243  INFO [TestNG-tests-1] letcodeProject:39 - Browser Opened
2023-01-17 15:29:15,667  INFO [TestNG-tests-1] letcodeProject:42 - Browser Maximized
2023-01-17 15:29:44,108  INFO [TestNG-tests-1] letcodeProject:47 - URL Opened
2023-01-17 15:29:46,370  INFO [TestNG-tests-1] letcodeProject:55 - Browser Closed
2023-01-17 15:29:48,506  INFO [TestNG-tests-2] letcodeProject:39 - Browser Opened
2023-01-17 15:29:48,534  INFO [TestNG-tests-2] letcodeProject:42 - Browser Maximized
2023-01-17 15:30:02,129  INFO [TestNG-tests-2] letcodeProject:47 - URL Opened
2023-01-17 15:30:09,770  INFO [TestNG-tests-2] letcodeProject:55 - Browser Closed
2023-01-17 15:53:47,726  INFO [TestNG-tests-1] letcodeProject:39 - Browser Opened
2023-01-17 15:53:48,168  INFO [TestNG-tests-1] letcodeProject:42 - Browser Maximized
2023-01-17 15:54:20,026  INFO [TestNG-tests-1] letcodeProject:47 - URL Opened
2023-01-17 15:54:23,074  INFO [TestNG-tests-1] letcodeProject:55 - Browser Closed
2023-01-17 15:54:26,375  INFO [TestNG-tests-2] letcodeProject:39 - Browser Opened
2023-01-17 15:54:26,412  INFO [TestNG-tests-2] letcodeProject:42 - Browser Maximized
2023-01-17 15:55:08,359  INFO [TestNG-tests-2] letcodeProject:47 - URL Opened
2023-01-17 15:55:12,717  INFO [TestNG-tests-2] letcodeProject:55 - Browser Closed
2023-01-17 15:56:56,834  INFO [TestNG-tests-1] letcodeProject:39 - Browser Opened
2023-01-17 15:56:57,448  INFO [TestNG-tests-1] letcodeProject:42 - Browser Maximized
2023-01-17 15:57:30,742  INFO [TestNG-tests-1] letcodeProject:47 - URL Opened
2023-01-17 15:57:32,422  INFO [TestNG-tests-1] letcodeProject:55 - Browser Closed
2023-01-17 15:57:35,409  INFO [TestNG-tests-2] letcodeProject:39 - Browser Opened
2023-01-17 15:57:35,436  INFO [TestNG-tests-2] letcodeProject:42 - Browser Maximized
2023-01-17 15:58:06,834  INFO [TestNG-tests-2] letcodeProject:47 - URL Opened
2023-01-17 15:58:10,516  INFO [TestNG-tests-2] letcodeProject:55 - Browser Closed
2023-01-17 16:00:05,150  INFO [TestNG-tests-1] letcodeProject:39 - Browser Opened
2023-01-17 16:00:05,564  INFO [TestNG-tests-1] letcodeProject:42 - Browser Maximized
2023-01-17 16:00:58,379  INFO [TestNG-tests-1] letcodeProject:47 - URL Opened
2023-01-17 16:01:02,119  INFO [TestNG-tests-1] letcodeProject:55 - Browser Closed
2023-01-17 16:01:07,223  INFO [TestNG-tests-2] letcodeProject:39 - Browser Opened
2023-01-17 16:01:07,247  INFO [TestNG-tests-2] letcodeProject:42 - Browser Maximized
2023-01-17 16:01:59,697  INFO [TestNG-tests-2] letcodeProject:47 - URL Opened
2023-01-17 16:02:04,475  INFO [TestNG-tests-2] letcodeProject:55 - Browser Closed
2023-01-17 16:06:54,058  INFO [TestNG-tests-1] letcodeProject:39 - Browser Opened
2023-01-17 16:06:54,283  INFO [TestNG-tests-1] letcodeProject:42 - Browser Maximized
2023-01-17 16:07:20,521  INFO [TestNG-tests-1] letcodeProject:47 - URL Opened
2023-01-17 16:07:21,657  INFO [TestNG-tests-1] letcodeProject:55 - Browser Closed
2023-01-17 16:07:29,389  INFO [TestNG-tests-2] letcodeProject:39 - Browser Opened
2023-01-17 16:07:29,404  INFO [TestNG-tests-2] letcodeProject:42 - Browser Maximized
2023-01-17 16:07:48,798  INFO [TestNG-tests-2] letcodeProject:47 - URL Opened
2023-01-17 16:07:52,695  INFO [TestNG-tests-2] letcodeProject:55 - Browser Closed
2023-01-17 17:12:09,871  INFO [TestNG-tests-1] letcodeProject:39 - Browser Opened
2023-01-17 17:12:10,191  INFO [TestNG-tests-1] letcodeProject:42 - Browser Maximized
2023-01-17 17:12:28,573  INFO [TestNG-tests-1] letcodeProject:47 - URL Opened
2023-01-17 17:12:33,494  INFO [TestNG-tests-1] letcodeProject:55 - Browser Closed
2023-01-17 17:12:36,058  INFO [TestNG-tests-2] letcodeProject:39 - Browser Opened
2023-01-17 17:12:36,075  INFO [TestNG-tests-2] letcodeProject:42 - Browser Maximized
2023-01-17 17:12:52,551  INFO [TestNG-tests-2] letcodeProject:47 - URL Opened
2023-01-17 17:12:57,601  INFO [TestNG-tests-2] letcodeProject:55 - Browser Closed
2023-01-17 17:15:01,202  INFO [TestNG-tests-1] letcodeProject:39 - Browser Opened
2023-01-17 17:15:01,601  INFO [TestNG-tests-1] letcodeProject:42 - Browser Maximized
2023-01-17 17:15:17,427  INFO [TestNG-tests-1] letcodeProject:47 - URL Opened
2023-01-17 17:15:24,699  INFO [TestNG-tests-1] letcodeProject:23 - Select Fruit
Apple
Mango
Orange
Banana
Pine Apple
2023-01-17 17:15:25,326  INFO [TestNG-tests-1] letcodeProject:55 - Browser Closed
2023-01-17 17:15:27,659  INFO [TestNG-tests-2] letcodeProject:39 - Browser Opened
2023-01-17 17:15:27,681  INFO [TestNG-tests-2] letcodeProject:42 - Browser Maximized
2023-01-17 17:15:38,853  INFO [TestNG-tests-2] letcodeProject:47 - URL Opened
2023-01-17 17:15:41,812  INFO [TestNG-tests-2] letcodeProject:23 - Select Fruit
Apple
Mango
Orange
Banana
Pine Apple
2023-01-17 17:15:44,186  INFO [TestNG-tests-2] letcodeProject:55 - Browser Closed
2023-01-17 17:19:48,494  INFO [TestNG-tests-1] letcodeProject:39 - Browser Opened
2023-01-17 17:19:48,944  INFO [TestNG-tests-1] letcodeProject:42 - Browser Maximized
2023-01-17 17:20:03,810  INFO [TestNG-tests-1] letcodeProject:47 - URL Opened
2023-01-17 17:20:10,091  INFO [TestNG-tests-1] letcodeProject:23 - Mango
2023-01-17 17:20:10,824  INFO [TestNG-tests-1] letcodeProject:55 - Browser Closed
2023-01-17 17:20:13,242  INFO [TestNG-tests-2] letcodeProject:39 - Browser Opened
2023-01-17 17:20:13,259  INFO [TestNG-tests-2] letcodeProject:42 - Browser Maximized
2023-01-17 17:20:29,582  INFO [TestNG-tests-2] letcodeProject:47 - URL Opened
2023-01-17 17:20:32,740  INFO [TestNG-tests-2] letcodeProject:23 - Mango
2023-01-17 17:20:34,492  INFO [TestNG-tests-2] letcodeProject:55 - Browser Closed
2023-01-17 17:21:58,863  INFO [TestNG-tests-1] letcodeProject:39 - Browser Opened
2023-01-17 17:21:59,328  INFO [TestNG-tests-1] letcodeProject:42 - Browser Maximized
2023-01-17 17:22:19,581  INFO [TestNG-tests-1] letcodeProject:47 - URL Opened
2023-01-17 17:22:23,951  INFO [TestNG-tests-1] letcodeProject:23 - Mango
2023-01-17 17:22:24,470  INFO [TestNG-tests-1] letcodeProject:55 - Browser Closed
2023-01-17 17:22:26,534  INFO [TestNG-tests-2] letcodeProject:39 - Browser Opened
2023-01-17 17:22:26,554  INFO [TestNG-tests-2] letcodeProject:42 - Browser Maximized
2023-01-17 17:23:09,826  INFO [TestNG-tests-2] letcodeProject:47 - URL Opened
2023-01-17 17:23:11,848  INFO [TestNG-tests-2] letcodeProject:23 - Mango
2023-01-17 17:23:13,408  INFO [TestNG-tests-2] letcodeProject:55 - Browser Closed
2023-01-18 11:10:25,997  INFO [TestNG-tests-2] letcodeProject:39 - Browser Opened
2023-01-18 11:10:26,033  INFO [TestNG-tests-2] letcodeProject:42 - Browser Maximized
2023-01-18 11:10:47,401  INFO [TestNG-tests-2] letcodeProject:47 - URL Opened
2023-01-18 11:10:47,924  INFO [TestNG-tests-1] letcodeProject:39 - Browser Opened
2023-01-18 11:10:48,982  INFO [TestNG-tests-1] letcodeProject:42 - Browser Maximized
2023-01-18 11:11:09,222  INFO [TestNG-tests-2] letcodeProject:55 - Browser Closed
2023-01-18 11:11:09,420  INFO [TestNG-tests-1] letcodeProject:47 - URL Opened
2023-01-18 11:11:15,903  INFO [TestNG-tests-1] letcodeProject:55 - Browser Closed
2023-01-18 11:23:30,103  INFO [TestNG-tests-1] letcodeProject:39 - Browser Opened
2023-01-18 11:23:30,992  INFO [TestNG-tests-1] letcodeProject:42 - Browser Maximized
2023-01-18 11:24:35,661  INFO [TestNG-tests-1] letcodeProject:47 - URL Opened
2023-01-18 11:24:37,580  INFO [TestNG-tests-1] letcodeProject:22 - 6
2023-01-18 11:24:38,189  INFO [TestNG-tests-1] letcodeProject:55 - Browser Closed
2023-01-18 11:24:41,224  INFO [TestNG-tests-2] letcodeProject:39 - Browser Opened
2023-01-18 11:24:41,264  INFO [TestNG-tests-2] letcodeProject:42 - Browser Maximized
2023-01-18 11:25:10,942  INFO [TestNG-tests-2] letcodeProject:47 - URL Opened
2023-01-18 11:25:13,066  INFO [TestNG-tests-2] letcodeProject:22 - 6
2023-01-18 11:25:16,374  INFO [TestNG-tests-2] letcodeProject:55 - Browser Closed
2023-01-18 11:43:16,719  INFO [TestNG-tests-1] letcodeProject:39 - Browser Opened
2023-01-18 11:43:17,285  INFO [TestNG-tests-1] letcodeProject:42 - Browser Maximized
2023-01-18 11:43:38,785  INFO [TestNG-tests-1] letcodeProject:47 - URL Opened
2023-01-18 11:43:42,360  INFO [TestNG-tests-1] letcodeProject:55 - Browser Closed
2023-01-18 11:43:45,057  INFO [TestNG-tests-2] letcodeProject:39 - Browser Opened
2023-01-18 11:43:45,106  INFO [TestNG-tests-2] letcodeProject:42 - Browser Maximized
2023-01-18 11:44:03,391  INFO [TestNG-tests-2] letcodeProject:47 - URL Opened
2023-01-18 11:44:11,071  INFO [TestNG-tests-2] letcodeProject:55 - Browser Closed
2023-01-18 12:05:10,009  INFO [TestNG-tests-1] letcodeProject:39 - Browser Opened
2023-01-18 12:05:10,643  INFO [TestNG-tests-1] letcodeProject:42 - Browser Maximized
2023-01-18 12:05:30,209  INFO [TestNG-tests-1] letcodeProject:47 - URL Opened
2023-01-18 12:05:35,655  INFO [TestNG-tests-1] letcodeProject:55 - Browser Closed
2023-01-18 12:05:40,360  INFO [TestNG-tests-2] letcodeProject:39 - Browser Opened
2023-01-18 12:05:40,379  INFO [TestNG-tests-2] letcodeProject:42 - Browser Maximized
2023-01-18 12:05:53,293  INFO [TestNG-tests-2] letcodeProject:47 - URL Opened
2023-01-18 12:05:59,214  INFO [TestNG-tests-2] letcodeProject:55 - Browser Closed
2023-01-18 12:22:25,921  INFO [TestNG-tests-1] letcodeProject:39 - Browser Opened
2023-01-18 12:22:26,486  INFO [TestNG-tests-1] letcodeProject:42 - Browser Maximized
2023-01-18 12:22:45,935  INFO [TestNG-tests-1] letcodeProject:47 - URL Opened
2023-01-18 12:23:23,063  INFO [TestNG-tests-1] letcodeProject:55 - Browser Closed
2023-01-18 12:23:26,359  INFO [TestNG-tests-2] letcodeProject:39 - Browser Opened
2023-01-18 12:23:26,421  INFO [TestNG-tests-2] letcodeProject:42 - Browser Maximized
2023-01-18 12:23:54,065  INFO [TestNG-tests-2] letcodeProject:47 - URL Opened
2023-01-18 12:24:28,233  INFO [TestNG-tests-2] letcodeProject:55 - Browser Closed
2023-01-18 12:26:40,060  INFO [TestNG-tests-1] letcodeProject:39 - Browser Opened
2023-01-18 12:26:40,521  INFO [TestNG-tests-1] letcodeProject:42 - Browser Maximized
2023-01-18 12:27:02,609  INFO [TestNG-tests-1] letcodeProject:47 - URL Opened
2023-01-18 12:27:35,582  INFO [TestNG-tests-1] letcodeProject:55 - Browser Closed
2023-01-18 12:27:43,244  INFO [TestNG-tests-2] letcodeProject:39 - Browser Opened
2023-01-18 12:27:43,354  INFO [TestNG-tests-2] letcodeProject:42 - Browser Maximized
2023-01-18 12:28:24,485  INFO [TestNG-tests-2] letcodeProject:47 - URL Opened
2023-01-18 12:28:59,497  INFO [TestNG-tests-2] letcodeProject:55 - Browser Closed
2023-01-18 12:31:04,815  INFO [TestNG-tests-1] letcodeProject:39 - Browser Opened
2023-01-18 12:31:05,460  INFO [TestNG-tests-1] letcodeProject:42 - Browser Maximized
2023-01-18 12:31:36,376  INFO [TestNG-tests-1] letcodeProject:47 - URL Opened
2023-01-18 12:31:42,663  INFO [TestNG-tests-1] letcodeProject:55 - Browser Closed
2023-01-18 12:31:45,445  INFO [TestNG-tests-2] letcodeProject:39 - Browser Opened
2023-01-18 12:31:45,483  INFO [TestNG-tests-2] letcodeProject:42 - Browser Maximized
2023-01-18 12:32:54,687  INFO [TestNG-tests-2] letcodeProject:47 - URL Opened
2023-01-18 12:33:00,406  INFO [TestNG-tests-2] letcodeProject:55 - Browser Closed
2023-01-18 12:33:21,460  INFO [TestNG-tests-1] letcodeProject:39 - Browser Opened
2023-01-18 13:18:27,758  INFO [TestNG-tests-1] letcodeProject:39 - Browser Opened
2023-01-18 13:18:28,360  INFO [TestNG-tests-1] letcodeProject:42 - Browser Maximized
2023-01-18 13:19:26,360  INFO [TestNG-tests-1] letcodeProject:47 - URL Opened
2023-01-18 13:19:31,268  INFO [TestNG-tests-1] letcodeProject:21 - 
2023-01-18 13:19:35,139  INFO [TestNG-tests-1] letcodeProject:55 - Browser Closed
2023-01-18 13:19:38,136  INFO [TestNG-tests-2] letcodeProject:39 - Browser Opened
2023-01-18 13:19:38,147  INFO [TestNG-tests-2] letcodeProject:42 - Browser Maximized
2023-01-18 13:21:09,464  INFO [TestNG-tests-2] letcodeProject:47 - URL Opened
2023-01-18 13:21:12,295  INFO [TestNG-tests-2] letcodeProject:21 - 
2023-01-18 13:21:14,209  INFO [TestNG-tests-2] letcodeProject:55 - Browser Closed
2023-01-18 13:24:32,691  INFO [TestNG-tests-1] letcodeProject:39 - Browser Opened
2023-01-18 13:24:33,239  INFO [TestNG-tests-1] letcodeProject:39 - Browser Opened
2023-01-18 13:24:33,323  INFO [TestNG-tests-1] letcodeProject:42 - Browser Maximized
2023-01-18 13:24:34,473  INFO [TestNG-tests-1] letcodeProject:42 - Browser Maximized
2023-01-18 13:24:45,383  INFO [TestNG-tests-2] letcodeProject:39 - Browser Opened
2023-01-18 13:24:45,499  INFO [TestNG-tests-2] letcodeProject:42 - Browser Maximized
2023-01-18 13:25:24,892  INFO [TestNG-tests-1] letcodeProject:47 - URL Opened
2023-01-18 13:26:09,891  INFO [TestNG-tests-1] letcodeProject:47 - URL Opened
2023-01-18 13:26:12,994  INFO [TestNG-tests-2] letcodeProject:47 - URL Opened
2023-01-18 13:26:30,017  INFO [TestNG-tests-1] letcodeProject:39 - Browser Opened
2023-01-18 13:26:30,424  INFO [TestNG-tests-1] letcodeProject:42 - Browser Maximized
2023-01-18 13:27:40,650  INFO [TestNG-tests-1] letcodeProject:47 - URL Opened
2023-01-18 13:27:45,313  INFO [TestNG-tests-1] letcodeProject:23 - 
2023-01-18 13:27:46,580  INFO [TestNG-tests-1] letcodeProject:55 - Browser Closed
2023-01-18 13:27:49,308  INFO [TestNG-tests-2] letcodeProject:39 - Browser Opened
2023-01-18 13:27:49,331  INFO [TestNG-tests-2] letcodeProject:42 - Browser Maximized
2023-01-18 13:28:08,708  INFO [TestNG-tests-2] letcodeProject:47 - URL Opened
2023-01-18 13:28:11,859  INFO [TestNG-tests-2] letcodeProject:23 - 
2023-01-18 13:28:14,073  INFO [TestNG-tests-2] letcodeProject:55 - Browser Closed
2023-01-18 13:32:57,745  INFO [TestNG-tests-1] letcodeProject:39 - Browser Opened
2023-01-18 13:32:58,073  INFO [TestNG-tests-1] letcodeProject:42 - Browser Maximized
2023-01-18 13:33:25,790  INFO [TestNG-tests-1] letcodeProject:47 - URL Opened
2023-01-18 13:33:28,105  INFO [TestNG-tests-1] letcodeProject:23 - 
2023-01-18 13:33:28,834  INFO [TestNG-tests-1] letcodeProject:55 - Browser Closed
2023-01-18 13:33:30,634  INFO [TestNG-tests-2] letcodeProject:39 - Browser Opened
2023-01-18 13:33:30,645  INFO [TestNG-tests-2] letcodeProject:42 - Browser Maximized
2023-01-18 13:34:17,544  INFO [TestNG-tests-2] letcodeProject:47 - URL Opened
2023-01-18 13:34:19,704  INFO [TestNG-tests-2] letcodeProject:23 - 
2023-01-18 13:34:21,532  INFO [TestNG-tests-2] letcodeProject:55 - Browser Closed
2023-01-18 13:39:34,094  INFO [TestNG-tests-1] letcodeProject:39 - Browser Opened
2023-01-18 13:39:34,401  INFO [TestNG-tests-1] letcodeProject:42 - Browser Maximized
2023-01-18 13:40:34,248  INFO [TestNG-tests-1] letcodeProject:47 - URL Opened
2023-01-18 13:40:38,960  INFO [TestNG-tests-1] letcodeProject:23 - 
2023-01-18 13:40:39,626  INFO [TestNG-tests-1] letcodeProject:55 - Browser Closed
2023-01-18 13:40:41,419  INFO [TestNG-tests-2] letcodeProject:39 - Browser Opened
2023-01-18 13:40:41,430  INFO [TestNG-tests-2] letcodeProject:42 - Browser Maximized
2023-01-18 13:41:34,104  INFO [TestNG-tests-2] letcodeProject:47 - URL Opened
2023-01-18 13:41:37,501  INFO [TestNG-tests-2] letcodeProject:23 - 
2023-01-18 13:41:39,724  INFO [TestNG-tests-2] letcodeProject:55 - Browser Closed
2023-01-18 15:16:32,680  INFO [TestNG-tests-1] letcodeProject:39 - Browser Opened
2023-01-18 15:16:33,684  INFO [TestNG-tests-1] letcodeProject:42 - Browser Maximized
2023-01-18 15:17:01,367  INFO [TestNG-tests-1] letcodeProject:47 - URL Opened
2023-01-18 15:17:11,094  INFO [TestNG-tests-1] letcodeProject:55 - Browser Closed
2023-01-18 15:17:17,752  INFO [TestNG-tests-2] letcodeProject:39 - Browser Opened
2023-01-18 15:17:17,828  INFO [TestNG-tests-2] letcodeProject:42 - Browser Maximized
2023-01-18 15:17:41,742  INFO [TestNG-tests-2] letcodeProject:47 - URL Opened
2023-01-18 15:17:52,850  INFO [TestNG-tests-2] letcodeProject:55 - Browser Closed
2023-01-18 16:01:39,216  INFO [TestNG-tests-1] letcodeProject:39 - Browser Opened
2023-01-18 16:01:39,654  INFO [TestNG-tests-1] letcodeProject:42 - Browser Maximized
2023-01-18 16:02:02,247  INFO [TestNG-tests-1] letcodeProject:47 - URL Opened
2023-01-18 16:02:06,243  INFO [TestNG-tests-1] letcodeProject:55 - Browser Closed
2023-01-18 16:02:09,341  INFO [TestNG-tests-2] letcodeProject:39 - Browser Opened
2023-01-18 16:02:09,360  INFO [TestNG-tests-2] letcodeProject:42 - Browser Maximized
2023-01-18 16:02:25,440  INFO [TestNG-tests-2] letcodeProject:47 - URL Opened
2023-01-18 16:02:29,250  INFO [TestNG-tests-2] letcodeProject:55 - Browser Closed
2023-01-18 16:04:47,750  INFO [TestNG-tests-1] letcodeProject:39 - Browser Opened
2023-01-18 16:04:48,142  INFO [TestNG-tests-1] letcodeProject:42 - Browser Maximized
2023-01-18 16:05:00,193  INFO [TestNG-tests-1] letcodeProject:47 - URL Opened
2023-01-18 16:06:50,451  INFO [TestNG-tests-2] letcodeProject:39 - Browser Opened
2023-01-18 16:06:50,487  INFO [TestNG-tests-2] letcodeProject:42 - Browser Maximized
2023-01-18 16:07:51,061  INFO [TestNG-tests-2] letcodeProject:47 - URL Opened
2023-01-18 16:08:00,924  INFO [TestNG-tests-2] letcodeProject:55 - Browser Closed
2023-01-18 16:15:10,662  INFO [TestNG-tests-1] letcodeProject:55 - Browser Closed
2023-01-18 16:15:33,996  INFO [TestNG-tests-1] letcodeProject:39 - Browser Opened
2023-01-18 16:15:34,488  INFO [TestNG-tests-1] letcodeProject:42 - Browser Maximized
2023-01-18 16:15:43,738  INFO [TestNG-tests-2] letcodeProject:39 - Browser Opened
2023-01-18 16:15:43,781  INFO [TestNG-tests-2] letcodeProject:42 - Browser Maximized
2023-01-18 16:15:50,718  INFO [TestNG-tests-1] letcodeProject:47 - URL Opened
2023-01-18 16:15:56,719  INFO [TestNG-tests-2] letcodeProject:47 - URL Opened
2023-01-18 16:16:18,911  INFO [TestNG-tests-2] letcodeProject:55 - Browser Closed
2023-01-18 16:20:20,060  INFO [TestNG-tests-1] letcodeProject:39 - Browser Opened
2023-01-18 16:20:20,252  INFO [TestNG-tests-1] letcodeProject:42 - Browser Maximized
2023-01-18 16:20:30,902  INFO [TestNG-tests-1] letcodeProject:47 - URL Opened
2023-01-18 16:20:33,931  INFO [TestNG-tests-1] letcodeProject:55 - Browser Closed
2023-01-18 16:20:35,932  INFO [TestNG-tests-2] letcodeProject:39 - Browser Opened
2023-01-18 16:20:35,945  INFO [TestNG-tests-2] letcodeProject:42 - Browser Maximized
2023-01-18 16:20:49,618  INFO [TestNG-tests-2] letcodeProject:47 - URL Opened
2023-01-18 16:20:53,342  INFO [TestNG-tests-2] letcodeProject:55 - Browser Closed
2023-01-18 16:25:31,022  INFO [TestNG-tests-1] letcodeProject:39 - Browser Opened
2023-01-18 16:25:31,213  INFO [TestNG-tests-1] letcodeProject:42 - Browser Maximized
2023-01-18 16:25:57,411  INFO [TestNG-tests-1] letcodeProject:47 - URL Opened
2023-01-18 16:25:59,187  INFO [TestNG-tests-1] letcodeProject:55 - Browser Closed
2023-01-18 16:26:01,385  INFO [TestNG-tests-2] letcodeProject:39 - Browser Opened
2023-01-18 16:26:01,399  INFO [TestNG-tests-2] letcodeProject:42 - Browser Maximized
2023-01-18 16:26:54,585  INFO [TestNG-tests-2] letcodeProject:47 - URL Opened
2023-01-18 16:26:58,016  INFO [TestNG-tests-2] letcodeProject:55 - Browser Closed
2023-01-18 16:34:48,312  INFO [TestNG-tests-1] letcodeProject:39 - Browser Opened
2023-01-18 16:34:48,475  INFO [TestNG-tests-1] letcodeProject:42 - Browser Maximized
2023-01-18 16:35:11,729  INFO [TestNG-tests-2] letcodeProject:39 - Browser Opened
2023-01-18 16:35:11,918  INFO [TestNG-tests-2] letcodeProject:42 - Browser Maximized
2023-01-18 16:35:32,280  INFO [TestNG-tests-1] letcodeProject:47 - URL Opened
2023-01-18 16:35:42,455  INFO [TestNG-tests-2] letcodeProject:47 - URL Opened
2023-01-18 16:38:36,400  INFO [TestNG-tests-1] letcodeProject:39 - Browser Opened
2023-01-18 16:38:36,836  INFO [TestNG-tests-1] letcodeProject:42 - Browser Maximized
2023-01-18 16:38:49,324  INFO [TestNG-tests-1] letcodeProject:47 - URL Opened
2023-01-18 16:39:39,311  INFO [TestNG-tests-2] letcodeProject:39 - Browser Opened
2023-01-18 16:39:39,329  INFO [TestNG-tests-2] letcodeProject:42 - Browser Maximized
2023-01-18 16:39:54,422  INFO [TestNG-tests-2] letcodeProject:47 - URL Opened
2023-01-18 16:44:00,185  INFO [TestNG-tests-1] letcodeProject:39 - Browser Opened
2023-01-18 16:44:00,664  INFO [TestNG-tests-1] letcodeProject:42 - Browser Maximized
2023-01-18 16:44:28,295  INFO [TestNG-tests-1] letcodeProject:47 - URL Opened
2023-01-18 16:44:42,005  INFO [TestNG-tests-2] letcodeProject:39 - Browser Opened
2023-01-18 16:44:42,021  INFO [TestNG-tests-2] letcodeProject:42 - Browser Maximized
2023-01-18 16:45:05,065  INFO [TestNG-tests-2] letcodeProject:47 - URL Opened
2023-01-18 16:45:24,360  INFO [TestNG-tests-2] letcodeProject:55 - Browser Closed
2023-01-18 16:46:52,050  INFO [TestNG-tests-1] letcodeProject:39 - Browser Opened
2023-01-18 16:46:52,345  INFO [TestNG-tests-1] letcodeProject:42 - Browser Maximized
2023-01-18 16:47:03,011  INFO [TestNG-tests-1] letcodeProject:47 - URL Opened
2023-01-18 16:47:11,009  INFO [TestNG-tests-1] letcodeProject:55 - Browser Closed
2023-01-18 16:47:13,084  INFO [TestNG-tests-2] letcodeProject:39 - Browser Opened
2023-01-18 16:47:13,106  INFO [TestNG-tests-2] letcodeProject:42 - Browser Maximized
2023-01-18 16:47:26,144  INFO [TestNG-tests-2] letcodeProject:47 - URL Opened
2023-01-18 16:47:30,030  INFO [TestNG-tests-2] letcodeProject:55 - Browser Closed
2023-01-19 14:12:54,829  INFO [TestNG-tests-1] letcodeProject:39 - Browser Opened
2023-01-19 14:12:55,317  INFO [TestNG-tests-1] letcodeProject:42 - Browser Maximized
2023-01-19 14:13:13,143  INFO [TestNG-tests-2] letcodeProject:39 - Browser Opened
2023-01-19 14:13:13,307  INFO [TestNG-tests-2] letcodeProject:42 - Browser Maximized
2023-01-19 14:13:30,816  INFO [TestNG-tests-1] letcodeProject:47 - URL Opened
2023-01-19 14:13:42,339  INFO [TestNG-tests-2] letcodeProject:47 - URL Opened
2023-01-19 14:13:50,397  INFO [TestNG-tests-1] letcodeProject:55 - Browser Closed
2023-01-19 14:13:50,882  INFO [TestNG-tests-2] letcodeProject:55 - Browser Closed
2023-01-19 14:13:56,417  INFO [TestNG-tests-1] letcodeProject:39 - Browser Opened
2023-01-19 14:13:56,938  INFO [TestNG-tests-1] letcodeProject:42 - Browser Maximized
2023-01-19 14:14:27,040  INFO [TestNG-tests-1] letcodeProject:47 - URL Opened
2023-01-19 14:14:30,565  INFO [TestNG-tests-1] letcodeProject:55 - Browser Closed
2023-01-19 14:14:33,353  INFO [TestNG-tests-2] letcodeProject:39 - Browser Opened
2023-01-19 14:14:33,382  INFO [TestNG-tests-2] letcodeProject:42 - Browser Maximized
2023-01-19 14:14:54,162  INFO [TestNG-tests-2] letcodeProject:47 - URL Opened
2023-01-19 14:15:04,238  INFO [TestNG-tests-2] letcodeProject:55 - Browser Closed
2023-01-19 14:24:54,728  INFO [TestNG-tests-1] letcodeProject:39 - Browser Opened
2023-01-19 14:24:55,131  INFO [TestNG-tests-1] letcodeProject:42 - Browser Maximized
2023-01-19 14:25:16,499  INFO [TestNG-tests-1] letcodeProject:47 - URL Opened
2023-01-19 14:25:17,957  INFO [TestNG-tests-1] letcodeProject:55 - Browser Closed
2023-01-19 14:25:21,135  INFO [TestNG-tests-1] letcodeProject:39 - Browser Opened
2023-01-19 14:25:21,614  INFO [TestNG-tests-1] letcodeProject:42 - Browser Maximized
2023-01-19 14:25:23,124  INFO [TestNG-tests-2] letcodeProject:39 - Browser Opened
2023-01-19 14:25:23,151  INFO [TestNG-tests-2] letcodeProject:42 - Browser Maximized
2023-01-19 14:25:58,998  INFO [TestNG-tests-2] letcodeProject:47 - URL Opened
2023-01-19 14:26:02,237  INFO [TestNG-tests-2] letcodeProject:55 - Browser Closed
2023-01-19 14:26:11,638  INFO [TestNG-tests-1] letcodeProject:47 - URL Opened
2023-01-19 14:26:12,113  INFO [TestNG-tests-2] letcodeProject:39 - Browser Opened
2023-01-19 14:26:12,160  INFO [TestNG-tests-2] letcodeProject:42 - Browser Maximized
2023-01-19 14:26:15,927  INFO [TestNG-tests-1] letcodeProject:55 - Browser Closed
2023-01-19 14:26:38,883  INFO [TestNG-tests-2] letcodeProject:47 - URL Opened
2023-01-19 14:26:41,947  INFO [TestNG-tests-2] letcodeProject:55 - Browser Closed
2023-01-19 14:59:40,461  INFO [TestNG-tests-1] letcodeProject:39 - Browser Opened
2023-01-19 14:59:40,781  INFO [TestNG-tests-1] letcodeProject:42 - Browser Maximized
2023-01-19 14:59:53,119  INFO [TestNG-tests-1] letcodeProject:47 - URL Opened
2023-01-19 15:00:32,018  INFO [TestNG-tests-1] letcodeProject:55 - Browser Closed
2023-01-19 15:00:33,758  INFO [TestNG-tests-2] letcodeProject:39 - Browser Opened
2023-01-19 15:00:33,785  INFO [TestNG-tests-2] letcodeProject:42 - Browser Maximized
2023-01-19 15:00:37,618  INFO [TestNG-tests-1] letcodeProject:39 - Browser Opened
2023-01-19 15:00:38,165  INFO [TestNG-tests-1] letcodeProject:42 - Browser Maximized
2023-01-19 15:00:49,667  INFO [TestNG-tests-1] letcodeProject:47 - URL Opened
2023-01-19 15:00:53,105  INFO [TestNG-tests-2] letcodeProject:47 - URL Opened
2023-01-19 15:01:27,339  INFO [TestNG-tests-1] letcodeProject:55 - Browser Closed
2023-01-19 15:01:41,412  INFO [TestNG-tests-2] letcodeProject:55 - Browser Closed
2023-01-19 15:01:47,254  INFO [TestNG-tests-2] letcodeProject:39 - Browser Opened
2023-01-19 15:01:47,264  INFO [TestNG-tests-2] letcodeProject:42 - Browser Maximized
2023-01-19 15:01:59,773  INFO [TestNG-tests-2] letcodeProject:47 - URL Opened
2023-01-19 15:02:36,114  INFO [TestNG-tests-2] letcodeProject:55 - Browser Closed
2023-01-19 15:06:06,233  INFO [TestNG-tests-1] letcodeProject:39 - Browser Opened
2023-01-19 15:06:06,551  INFO [TestNG-tests-1] letcodeProject:42 - Browser Maximized
2023-01-19 15:06:20,127  INFO [TestNG-tests-1] letcodeProject:47 - URL Opened
2023-01-19 15:06:54,604  INFO [TestNG-tests-1] letcodeProject:55 - Browser Closed
2023-01-19 15:06:57,276  INFO [TestNG-tests-1] letcodeProject:39 - Browser Opened
2023-01-19 15:06:58,141  INFO [TestNG-tests-1] letcodeProject:42 - Browser Maximized
2023-01-19 15:06:59,247  INFO [TestNG-tests-2] letcodeProject:39 - Browser Opened
2023-01-19 15:06:59,295  INFO [TestNG-tests-2] letcodeProject:42 - Browser Maximized
2023-01-19 15:07:15,960  INFO [TestNG-tests-2] letcodeProject:47 - URL Opened
2023-01-19 15:07:16,693  INFO [TestNG-tests-1] letcodeProject:47 - URL Opened
2023-01-19 15:07:51,376  INFO [TestNG-tests-1] letcodeProject:55 - Browser Closed
2023-01-19 15:07:52,202  INFO [TestNG-tests-2] letcodeProject:55 - Browser Closed
2023-01-19 15:07:58,222  INFO [TestNG-tests-2] letcodeProject:39 - Browser Opened
2023-01-19 15:07:58,238  INFO [TestNG-tests-2] letcodeProject:42 - Browser Maximized
2023-01-19 15:08:17,520  INFO [TestNG-tests-2] letcodeProject:47 - URL Opened
2023-01-19 15:08:50,865  INFO [TestNG-tests-2] letcodeProject:55 - Browser Closed
2023-01-19 15:11:13,236  INFO [TestNG-tests-1] letcodeProject:39 - Browser Opened
2023-01-19 15:11:13,468  INFO [TestNG-tests-1] letcodeProject:42 - Browser Maximized
2023-01-19 15:11:30,778  INFO [TestNG-tests-1] letcodeProject:47 - URL Opened
2023-01-19 15:11:34,547  INFO [TestNG-tests-1] letcodeProject:55 - Browser Closed
2023-01-19 15:11:38,151  INFO [TestNG-tests-1] letcodeProject:39 - Browser Opened
2023-01-19 15:11:38,445  INFO [TestNG-tests-1] letcodeProject:42 - Browser Maximized
2023-01-19 15:11:39,370  INFO [TestNG-tests-2] letcodeProject:39 - Browser Opened
2023-01-19 15:11:39,403  INFO [TestNG-tests-2] letcodeProject:42 - Browser Maximized
2023-01-19 15:12:00,362  INFO [TestNG-tests-2] letcodeProject:47 - URL Opened
2023-01-19 15:12:01,499  INFO [TestNG-tests-1] letcodeProject:47 - URL Opened
2023-01-19 15:12:07,466  INFO [TestNG-tests-1] letcodeProject:55 - Browser Closed
2023-01-19 15:12:08,093  INFO [TestNG-tests-2] letcodeProject:55 - Browser Closed
2023-01-19 15:12:13,943  INFO [TestNG-tests-2] letcodeProject:39 - Browser Opened
2023-01-19 15:12:14,003  INFO [TestNG-tests-2] letcodeProject:42 - Browser Maximized
2023-01-19 15:12:26,471  INFO [TestNG-tests-2] letcodeProject:47 - URL Opened
2023-01-19 15:12:30,957  INFO [TestNG-tests-2] letcodeProject:55 - Browser Closed
2023-01-19 15:13:53,930  INFO [TestNG-tests-1] letcodeProject:39 - Browser Opened
2023-01-19 15:13:54,348  INFO [TestNG-tests-1] letcodeProject:42 - Browser Maximized
2023-01-19 15:14:10,643  INFO [TestNG-tests-1] letcodeProject:47 - URL Opened
2023-01-19 15:14:13,755  INFO [TestNG-tests-1] letcodeProject:55 - Browser Closed
2023-01-19 15:14:17,464  INFO [TestNG-tests-1] letcodeProject:39 - Browser Opened
2023-01-19 15:14:17,853  INFO [TestNG-tests-1] letcodeProject:42 - Browser Maximized
2023-01-19 15:14:18,299  INFO [TestNG-tests-2] letcodeProject:39 - Browser Opened
2023-01-19 15:14:18,327  INFO [TestNG-tests-2] letcodeProject:42 - Browser Maximized
2023-01-19 15:14:36,388  INFO [TestNG-tests-2] letcodeProject:47 - URL Opened
2023-01-19 15:14:40,668  INFO [TestNG-tests-2] letcodeProject:55 - Browser Closed
2023-01-19 15:14:47,225  INFO [TestNG-tests-1] letcodeProject:47 - URL Opened
2023-01-19 15:14:49,493  INFO [TestNG-tests-2] letcodeProject:39 - Browser Opened
2023-01-19 15:14:49,511  INFO [TestNG-tests-2] letcodeProject:42 - Browser Maximized
2023-01-19 15:14:58,039  INFO [TestNG-tests-1] letcodeProject:55 - Browser Closed
2023-01-19 15:15:12,420  INFO [TestNG-tests-2] letcodeProject:47 - URL Opened
2023-01-19 15:15:16,712  INFO [TestNG-tests-2] letcodeProject:55 - Browser Closed
2023-01-19 15:22:42,729  INFO [TestNG-tests-1] letcodeProject:39 - Browser Opened
2023-01-19 15:22:43,162  INFO [TestNG-tests-1] letcodeProject:42 - Browser Maximized
2023-01-19 15:23:04,213  INFO [TestNG-tests-1] letcodeProject:47 - URL Opened
2023-01-19 15:23:08,878  INFO [TestNG-tests-1] letcodeProject:31 - Error: There is no user record corresponding to this identifier. The user may have been deleted.
2023-01-19 15:23:10,566  INFO [TestNG-tests-1] letcodeProject:55 - Browser Closed
2023-01-19 15:23:14,355  INFO [TestNG-tests-1] letcodeProject:39 - Browser Opened
2023-01-19 15:23:14,772  INFO [TestNG-tests-1] letcodeProject:42 - Browser Maximized
2023-01-19 15:23:15,053  INFO [TestNG-tests-2] letcodeProject:39 - Browser Opened
2023-01-19 15:23:15,073  INFO [TestNG-tests-2] letcodeProject:42 - Browser Maximized
2023-01-19 15:23:35,372  INFO [TestNG-tests-1] letcodeProject:47 - URL Opened
2023-01-19 15:23:39,824  INFO [TestNG-tests-2] letcodeProject:47 - URL Opened
2023-01-19 15:23:40,629  INFO [TestNG-tests-1] letcodeProject:31 - Error: There is no user record corresponding to this identifier. The user may have been deleted.
2023-01-19 15:23:43,082  INFO [TestNG-tests-1] letcodeProject:55 - Browser Closed
2023-01-19 15:23:44,320  INFO [TestNG-tests-2] letcodeProject:31 - Error: There is no user record corresponding to this identifier. The user may have been deleted.
2023-01-19 15:23:46,284  INFO [TestNG-tests-2] letcodeProject:55 - Browser Closed
2023-01-19 15:23:52,214  INFO [TestNG-tests-2] letcodeProject:39 - Browser Opened
2023-01-19 15:23:52,305  INFO [TestNG-tests-2] letcodeProject:42 - Browser Maximized
2023-01-19 15:24:05,825  INFO [TestNG-tests-2] letcodeProject:47 - URL Opened
2023-01-19 15:24:11,150  INFO [TestNG-tests-2] letcodeProject:31 - 
2023-01-19 15:24:13,357  INFO [TestNG-tests-2] letcodeProject:55 - Browser Closed
2023-01-20 15:34:08,509  INFO [TestNG-tests-1] letcodeProject:39 - Browser Opened
2023-01-20 15:34:08,970  INFO [TestNG-tests-1] letcodeProject:42 - Browser Maximized
2023-01-20 15:34:28,735  INFO [TestNG-tests-1] letcodeProject:47 - URL Opened
2023-01-20 15:35:44,918  INFO [TestNG-tests-2] letcodeProject:39 - Browser Opened
2023-01-20 15:35:44,951  INFO [TestNG-tests-2] letcodeProject:42 - Browser Maximized
2023-01-20 15:36:33,535  INFO [TestNG-tests-2] letcodeProject:47 - URL Opened
2023-01-20 15:40:24,922  INFO [TestNG-tests-1] letcodeProject:39 - Browser Opened
2023-01-20 15:40:25,302  INFO [TestNG-tests-1] letcodeProject:42 - Browser Maximized
2023-01-20 15:40:45,169  INFO [TestNG-tests-1] letcodeProject:47 - URL Opened
2023-01-20 15:41:30,701  INFO [TestNG-tests-2] letcodeProject:39 - Browser Opened
2023-01-20 15:41:30,729  INFO [TestNG-tests-2] letcodeProject:42 - Browser Maximized
2023-01-20 15:41:32,093  INFO [TestNG-tests-2] letcodeProject:47 - URL Opened
2023-01-20 15:43:18,403  INFO [TestNG-tests-1] letcodeProject:39 - Browser Opened
2023-01-20 15:43:18,887  INFO [TestNG-tests-1] letcodeProject:42 - Browser Maximized
2023-01-20 15:43:32,912  INFO [TestNG-tests-1] letcodeProject:47 - URL Opened
2023-01-20 15:44:15,587  INFO [TestNG-tests-2] letcodeProject:39 - Browser Opened
2023-01-20 15:44:15,620  INFO [TestNG-tests-2] letcodeProject:42 - Browser Maximized
2023-01-20 15:44:17,372  INFO [TestNG-tests-2] letcodeProject:47 - URL Opened
2023-01-20 15:45:27,043  INFO [TestNG-tests-1] letcodeProject:39 - Browser Opened
2023-01-20 15:45:27,354  INFO [TestNG-tests-1] letcodeProject:42 - Browser Maximized
2023-01-20 15:45:43,731  INFO [TestNG-tests-1] letcodeProject:47 - URL Opened
2023-01-20 15:46:25,267  INFO [TestNG-tests-2] letcodeProject:39 - Browser Opened
2023-01-20 15:46:25,352  INFO [TestNG-tests-2] letcodeProject:42 - Browser Maximized
2023-01-20 15:46:27,678  INFO [TestNG-tests-2] letcodeProject:47 - URL Opened
2023-01-20 15:49:30,261  INFO [TestNG-tests-1] letcodeProject:39 - Browser Opened
2023-01-20 15:49:30,747  INFO [TestNG-tests-1] letcodeProject:42 - Browser Maximized
2023-01-20 15:49:51,720  INFO [TestNG-tests-1] letcodeProject:47 - URL Opened
2023-01-20 15:51:32,142  INFO [TestNG-tests-1] letcodeProject:55 - Browser Closed
2023-01-20 15:52:53,440  INFO [TestNG-tests-1] letcodeProject:39 - Browser Opened
2023-01-20 15:52:53,731  INFO [TestNG-tests-1] letcodeProject:42 - Browser Maximized
2023-01-20 15:53:44,604  INFO [TestNG-tests-2] letcodeProject:39 - Browser Opened
2023-01-20 15:53:44,615  INFO [TestNG-tests-2] letcodeProject:42 - Browser Maximized
2023-01-20 15:56:18,155  INFO [TestNG-tests-1] letcodeProject:47 - URL Opened
2023-01-20 15:56:21,295  INFO [TestNG-tests-2] letcodeProject:47 - URL Opened
2023-01-20 16:01:22,873  INFO [TestNG-tests-1] letcodeProject:39 - Browser Opened
2023-01-20 16:01:23,146  INFO [TestNG-tests-1] letcodeProject:42 - Browser Maximized
2023-01-20 16:01:39,815  INFO [TestNG-tests-1] letcodeProject:47 - URL Opened
2023-01-20 16:02:24,581  INFO [TestNG-tests-2] letcodeProject:39 - Browser Opened
2023-01-20 16:02:24,608  INFO [TestNG-tests-2] letcodeProject:42 - Browser Maximized
2023-01-20 16:03:18,084  INFO [TestNG-tests-2] letcodeProject:47 - URL Opened
2023-01-20 16:03:48,168  INFO [TestNG-tests-1] letcodeProject:55 - Browser Closed
2023-01-20 16:03:54,974  INFO [TestNG-tests-2] letcodeProject:55 - Browser Closed
2023-01-20 16:08:38,049  INFO [TestNG-tests-1] letcodeProject:39 - Browser Opened
2023-01-20 16:08:38,567  INFO [TestNG-tests-1] letcodeProject:42 - Browser Maximized
2023-01-20 16:09:08,224  INFO [TestNG-tests-1] letcodeProject:47 - URL Opened
2023-01-20 16:09:59,193  INFO [TestNG-tests-1] letcodeProject:55 - Browser Closed
2023-01-20 16:10:24,518  INFO [TestNG-tests-2] letcodeProject:39 - Browser Opened
2023-01-20 16:10:24,540  INFO [TestNG-tests-2] letcodeProject:42 - Browser Maximized
2023-01-20 16:11:25,123  INFO [TestNG-tests-2] letcodeProject:47 - URL Opened
2023-01-20 16:12:00,191  INFO [TestNG-tests-2] letcodeProject:55 - Browser Closed
2023-01-20 16:15:07,714  INFO [TestNG-tests-1] letcodeProject:39 - Browser Opened
2023-01-20 16:15:08,090  INFO [TestNG-tests-1] letcodeProject:42 - Browser Maximized
2023-01-20 16:15:37,946  INFO [TestNG-tests-1] letcodeProject:47 - URL Opened
2023-01-20 16:16:18,532  INFO [TestNG-tests-2] letcodeProject:39 - Browser Opened
2023-01-20 16:16:18,566  INFO [TestNG-tests-2] letcodeProject:42 - Browser Maximized
2023-01-20 16:16:27,671  INFO [TestNG-tests-1] letcodeProject:55 - Browser Closed
2023-01-20 16:17:30,919  INFO [TestNG-tests-2] letcodeProject:47 - URL Opened
2023-01-21 11:50:46,426  INFO [TestNG-tests-1] letcodeProject:39 - Browser Opened
2023-01-21 11:50:46,858  INFO [TestNG-tests-1] letcodeProject:42 - Browser Maximized
2023-01-21 11:51:09,441  INFO [TestNG-tests-1] letcodeProject:47 - URL Opened
2023-01-21 11:51:13,804  INFO [TestNG-tests-1] letcodeProject:55 - Browser Closed
2023-01-21 11:51:17,333  INFO [TestNG-tests-1] letcodeProject:39 - Browser Opened
2023-01-21 11:51:18,577  INFO [TestNG-tests-1] letcodeProject:42 - Browser Maximized
2023-01-21 11:51:20,189  INFO [TestNG-tests-2] letcodeProject:39 - Browser Opened
2023-01-21 11:51:20,270  INFO [TestNG-tests-2] letcodeProject:42 - Browser Maximized
2023-01-21 11:51:35,151  INFO [TestNG-tests-2] letcodeProject:47 - URL Opened
2023-01-21 11:51:43,087  INFO [TestNG-tests-1] letcodeProject:47 - URL Opened
2023-01-21 11:51:44,111  INFO [TestNG-tests-2] letcodeProject:55 - Browser Closed
2023-01-21 11:51:48,032  INFO [TestNG-tests-1] letcodeProject:55 - Browser Closed
2023-01-21 11:51:52,839  INFO [TestNG-tests-2] letcodeProject:39 - Browser Opened
2023-01-21 11:51:52,882  INFO [TestNG-tests-2] letcodeProject:42 - Browser Maximized
2023-01-21 11:52:03,442  INFO [TestNG-tests-2] letcodeProject:47 - URL Opened
2023-01-21 11:52:09,537  INFO [TestNG-tests-2] letcodeProject:55 - Browser Closed
2023-01-21 12:38:47,004  INFO [TestNG-tests-1] letcodeProject:39 - Browser Opened
2023-01-21 12:38:47,364  INFO [TestNG-tests-1] letcodeProject:42 - Browser Maximized
2023-01-21 12:39:02,776  INFO [TestNG-tests-1] letcodeProject:47 - URL Opened
2023-01-21 12:39:08,264  INFO [TestNG-tests-1] letcodeProject:32 - Welcome Dhanashri
2023-01-21 12:39:08,847  INFO [TestNG-tests-1] letcodeProject:55 - Browser Closed
2023-01-21 12:39:12,968  INFO [TestNG-tests-1] letcodeProject:39 - Browser Opened
2023-01-21 12:39:13,786  INFO [TestNG-tests-1] letcodeProject:42 - Browser Maximized
2023-01-21 12:39:15,792  INFO [TestNG-tests-2] letcodeProject:39 - Browser Opened
2023-01-21 12:39:15,862  INFO [TestNG-tests-2] letcodeProject:42 - Browser Maximized
2023-01-21 12:39:29,823  INFO [TestNG-tests-1] letcodeProject:47 - URL Opened
2023-01-21 12:39:31,028  INFO [TestNG-tests-2] letcodeProject:47 - URL Opened
2023-01-21 12:39:38,504  INFO [TestNG-tests-2] letcodeProject:32 - 
2023-01-21 12:39:40,997  INFO [TestNG-tests-2] letcodeProject:55 - Browser Closed
2023-01-21 12:39:48,251  INFO [TestNG-tests-2] letcodeProject:39 - Browser Opened
2023-01-21 12:39:48,262  INFO [TestNG-tests-2] letcodeProject:42 - Browser Maximized
2023-01-21 12:39:59,807  INFO [TestNG-tests-2] letcodeProject:47 - URL Opened
2023-01-21 12:40:09,196  INFO [TestNG-tests-1] letcodeProject:55 - Browser Closed
2023-01-21 12:40:13,072  INFO [TestNG-tests-1] letcodeProject:39 - Browser Opened
2023-01-21 12:40:13,475  INFO [TestNG-tests-1] letcodeProject:42 - Browser Maximized
2023-01-21 12:40:22,989  INFO [TestNG-tests-1] letcodeProject:47 - URL Opened
2023-01-21 12:40:34,640  INFO [TestNG-tests-2] letcodeProject:55 - Browser Closed
2023-01-21 12:40:42,445  INFO [TestNG-tests-2] letcodeProject:39 - Browser Opened
2023-01-21 12:40:42,559  INFO [TestNG-tests-2] letcodeProject:42 - Browser Maximized
2023-01-21 12:40:52,819  INFO [TestNG-tests-2] letcodeProject:47 - URL Opened
2023-01-21 12:41:06,074  INFO [TestNG-tests-1] letcodeProject:55 - Browser Closed
2023-01-21 12:41:09,475  INFO [TestNG-tests-1] letcodeProject:39 - Browser Opened
2023-01-21 12:41:10,002  INFO [TestNG-tests-1] letcodeProject:42 - Browser Maximized
2023-01-21 12:41:19,818  INFO [TestNG-tests-1] letcodeProject:47 - URL Opened
2023-01-21 12:41:35,838  INFO [TestNG-tests-2] letcodeProject:55 - Browser Closed
2023-01-21 12:41:43,528  INFO [TestNG-tests-2] letcodeProject:39 - Browser Opened
2023-01-21 12:41:43,615  INFO [TestNG-tests-2] letcodeProject:42 - Browser Maximized
2023-01-21 12:42:01,661  INFO [TestNG-tests-2] letcodeProject:47 - URL Opened
2023-01-21 12:42:02,721  INFO [TestNG-tests-1] letcodeProject:55 - Browser Closed
2023-01-21 12:42:37,343  INFO [TestNG-tests-2] letcodeProject:55 - Browser Closed
2023-01-21 13:58:03,688  INFO [TestNG-tests-1] letcodeProject:39 - Browser Opened
2023-01-21 13:58:04,172  INFO [TestNG-tests-1] letcodeProject:42 - Browser Maximized
2023-01-21 13:58:23,415  INFO [TestNG-tests-1] letcodeProject:47 - URL Opened
2023-01-21 13:58:28,683  INFO [TestNG-tests-1] letcodeProject:33 - Welcome Dhanashri
2023-01-21 13:58:30,595  INFO [TestNG-tests-1] letcodeProject:55 - Browser Closed
2023-01-21 13:58:35,000  INFO [TestNG-tests-1] letcodeProject:39 - Browser Opened
2023-01-21 13:58:35,445  INFO [TestNG-tests-1] letcodeProject:42 - Browser Maximized
2023-01-21 13:58:35,601  INFO [TestNG-tests-2] letcodeProject:39 - Browser Opened
2023-01-21 13:58:35,649  INFO [TestNG-tests-2] letcodeProject:42 - Browser Maximized
2023-01-21 13:58:53,074  INFO [TestNG-tests-2] letcodeProject:47 - URL Opened
2023-01-21 13:59:02,294  INFO [TestNG-tests-1] letcodeProject:47 - URL Opened
2023-01-21 13:59:04,665  INFO [TestNG-tests-2] letcodeProject:33 - 
2023-01-21 13:59:10,032  INFO [TestNG-tests-2] letcodeProject:55 - Browser Closed
2023-01-21 13:59:20,847  INFO [TestNG-tests-2] letcodeProject:39 - Browser Opened
2023-01-21 13:59:20,899  INFO [TestNG-tests-2] letcodeProject:42 - Browser Maximized
2023-01-21 13:59:40,925  INFO [TestNG-tests-1] letcodeProject:55 - Browser Closed
2023-01-21 13:59:46,690  INFO [TestNG-tests-1] letcodeProject:39 - Browser Opened
2023-01-21 13:59:46,972  INFO [TestNG-tests-1] letcodeProject:42 - Browser Maximized
2023-01-21 13:59:48,375  INFO [TestNG-tests-2] letcodeProject:47 - URL Opened
2023-01-21 14:00:24,395  INFO [TestNG-tests-2] letcodeProject:55 - Browser Closed
2023-01-21 14:00:29,400  INFO [TestNG-tests-1] letcodeProject:47 - URL Opened
2023-01-21 14:00:33,901  INFO [TestNG-tests-2] letcodeProject:39 - Browser Opened
2023-01-21 14:00:33,914  INFO [TestNG-tests-2] letcodeProject:42 - Browser Maximized
2023-01-21 14:01:05,673  INFO [TestNG-tests-1] letcodeProject:55 - Browser Closed
2023-01-21 14:01:11,496  INFO [TestNG-tests-1] letcodeProject:39 - Browser Opened
2023-01-21 14:01:11,746  INFO [TestNG-tests-1] letcodeProject:42 - Browser Maximized
2023-01-21 14:02:17,054  INFO [TestNG-tests-2] letcodeProject:47 - URL Opened
2023-01-21 14:02:51,193  INFO [TestNG-tests-2] letcodeProject:55 - Browser Closed
2023-01-21 14:02:58,902  INFO [TestNG-tests-2] letcodeProject:39 - Browser Opened
2023-01-21 14:02:58,930  INFO [TestNG-tests-2] letcodeProject:42 - Browser Maximized
2023-01-21 14:03:56,582  INFO [TestNG-tests-1] letcodeProject:47 - URL Opened
2023-01-21 14:04:10,252  INFO [TestNG-tests-2] letcodeProject:47 - URL Opened
2023-01-21 14:04:29,966  INFO [TestNG-tests-1] letcodeProject:55 - Browser Closed
2023-01-21 14:04:47,744  INFO [TestNG-tests-2] letcodeProject:55 - Browser Closed
2023-01-21 14:07:42,559  INFO [TestNG-tests-1] letcodeProject:39 - Browser Opened
2023-01-21 14:07:42,954  INFO [TestNG-tests-1] letcodeProject:42 - Browser Maximized
2023-01-21 14:09:06,272  INFO [TestNG-tests-1] letcodeProject:47 - URL Opened
2023-01-21 14:09:12,487  INFO [TestNG-tests-1] letcodeProject:33 - Welcome Dhanashri
2023-01-21 14:09:14,800  INFO [TestNG-tests-1] letcodeProject:55 - Browser Closed
2023-01-21 14:09:19,432  INFO [TestNG-tests-2] letcodeProject:39 - Browser Opened
2023-01-21 14:09:19,478  INFO [TestNG-tests-2] letcodeProject:42 - Browser Maximized
2023-01-21 14:09:20,013  INFO [TestNG-tests-1] letcodeProject:39 - Browser Opened
2023-01-21 14:09:20,467  INFO [TestNG-tests-1] letcodeProject:42 - Browser Maximized
2023-01-21 14:10:00,703  INFO [TestNG-tests-2] letcodeProject:47 - URL Opened
2023-01-21 14:10:16,655  INFO [TestNG-tests-1] letcodeProject:47 - URL Opened
2023-01-21 14:10:37,522  INFO [TestNG-tests-2] letcodeProject:33 - 
2023-01-21 14:10:41,375  INFO [TestNG-tests-2] letcodeProject:55 - Browser Closed
2023-01-21 14:10:57,398  INFO [TestNG-tests-1] letcodeProject:55 - Browser Closed
2023-01-21 14:11:03,045  INFO [TestNG-tests-1] letcodeProject:39 - Browser Opened
2023-01-21 14:11:03,443  INFO [TestNG-tests-1] letcodeProject:42 - Browser Maximized
2023-01-21 14:11:34,147  INFO [TestNG-tests-1] letcodeProject:47 - URL Opened
2023-01-21 14:11:39,983  INFO [TestNG-tests-2] letcodeProject:39 - Browser Opened
2023-01-21 14:11:40,012  INFO [TestNG-tests-2] letcodeProject:42 - Browser Maximized
2023-01-21 14:12:01,168  INFO [TestNG-tests-2] letcodeProject:47 - URL Opened
2023-01-21 14:12:15,451  INFO [TestNG-tests-1] letcodeProject:55 - Browser Closed
2023-01-21 14:12:19,858  INFO [TestNG-tests-1] letcodeProject:39 - Browser Opened
2023-01-21 14:12:20,890  INFO [TestNG-tests-1] letcodeProject:42 - Browser Maximized
2023-01-21 14:12:38,799  INFO [TestNG-tests-1] letcodeProject:47 - URL Opened
2023-01-21 14:12:40,961  INFO [TestNG-tests-2] letcodeProject:55 - Browser Closed
2023-01-21 14:12:55,091  INFO [TestNG-tests-2] letcodeProject:39 - Browser Opened
2023-01-21 14:12:55,111  INFO [TestNG-tests-2] letcodeProject:42 - Browser Maximized
2023-01-21 14:13:17,066  INFO [TestNG-tests-1] letcodeProject:55 - Browser Closed
2023-01-21 14:13:20,029  INFO [TestNG-tests-2] letcodeProject:47 - URL Opened
2023-01-21 14:13:55,288  INFO [TestNG-tests-2] letcodeProject:55 - Browser Closed
2023-01-21 14:14:02,668  INFO [TestNG-tests-2] letcodeProject:39 - Browser Opened
2023-01-21 14:14:02,823  INFO [TestNG-tests-2] letcodeProject:42 - Browser Maximized
2023-01-21 14:14:21,443  INFO [TestNG-tests-2] letcodeProject:47 - URL Opened
2023-01-21 14:14:56,085  INFO [TestNG-tests-2] letcodeProject:55 - Browser Closed
2023-01-21 14:25:10,120  INFO [main] letcodeProject:32 - Browser Opened
2023-01-21 14:25:10,417  INFO [main] letcodeProject:35 - Browser Maximized
2023-01-21 14:25:43,317  INFO [main] letcodeProject:40 - URL Opened
2023-01-21 14:25:51,663  INFO [main] letcodeProject:35 - Welcome Dhanashri
2023-01-21 14:25:54,188  INFO [main] letcodeProject:48 - Browser Closed
2023-01-21 14:25:58,071  INFO [main] letcodeProject:32 - Browser Opened
2023-01-21 14:25:58,248  INFO [main] letcodeProject:35 - Browser Maximized
2023-01-21 14:26:22,382  INFO [main] letcodeProject:40 - URL Opened
2023-01-21 14:26:54,715  INFO [main] letcodeProject:48 - Browser Closed
2023-01-21 14:26:57,978  INFO [main] letcodeProject:32 - Browser Opened
2023-01-21 14:26:58,389  INFO [main] letcodeProject:35 - Browser Maximized
2023-01-21 14:27:24,507  INFO [main] letcodeProject:40 - URL Opened
2023-01-21 14:27:57,271  INFO [main] letcodeProject:48 - Browser Closed
2023-01-21 14:28:00,979  INFO [main] letcodeProject:32 - Browser Opened
2023-01-21 14:28:01,337  INFO [main] letcodeProject:35 - Browser Maximized
2023-01-21 14:28:18,355  INFO [main] letcodeProject:40 - URL Opened
2023-01-21 14:28:52,975  INFO [main] letcodeProject:48 - Browser Closed
2023-01-21 14:32:51,865  INFO [main] letcodeProject:32 - Browser Opened
2023-01-21 14:32:52,639  INFO [main] letcodeProject:35 - Browser Maximized
2023-01-21 14:33:15,685  INFO [main] letcodeProject:40 - URL Opened
2023-01-21 14:33:23,901  INFO [main] letcodeProject:35 - Welcome Dhanashri
2023-01-21 14:33:24,769  INFO [main] letcodeProject:48 - Browser Closed
2023-01-21 14:33:29,313  INFO [main] letcodeProject:32 - Browser Opened
2023-01-21 14:33:31,695  INFO [main] letcodeProject:35 - Browser Maximized
2023-01-21 14:33:44,417  INFO [main] letcodeProject:40 - URL Opened
2023-01-21 14:34:19,831  INFO [main] letcodeProject:48 - Browser Closed
2023-01-21 14:34:24,578  INFO [main] letcodeProject:32 - Browser Opened
2023-01-21 14:34:25,106  INFO [main] letcodeProject:35 - Browser Maximized
2023-01-21 14:34:38,951  INFO [main] letcodeProject:40 - URL Opened
2023-01-21 14:35:11,939  INFO [main] letcodeProject:48 - Browser Closed
2023-01-21 14:35:17,501  INFO [main] letcodeProject:32 - Browser Opened
2023-01-21 14:35:17,993  INFO [main] letcodeProject:35 - Browser Maximized
2023-01-21 14:35:30,571  INFO [main] letcodeProject:40 - URL Opened
2023-01-21 14:36:05,489  INFO [main] letcodeProject:48 - Browser Closed
2023-01-21 14:47:16,954  INFO [main] letcodeProject:32 - Browser Opened
2023-01-21 14:47:17,560  INFO [main] letcodeProject:35 - Browser Maximized
2023-01-21 14:47:47,941  INFO [main] letcodeProject:40 - URL Opened
2023-01-21 14:47:56,734  INFO [main] letcodeProject:35 - Welcome Dhanashri
2023-01-21 14:47:57,717  INFO [main] letcodeProject:48 - Browser Closed
2023-01-21 14:48:02,726  INFO [main] letcodeProject:32 - Browser Opened
2023-01-21 14:48:03,334  INFO [main] letcodeProject:35 - Browser Maximized
2023-01-21 14:48:39,097  INFO [main] letcodeProject:40 - URL Opened
2023-01-21 14:49:13,642  INFO [main] letcodeProject:48 - Browser Closed
2023-01-21 14:49:17,842  INFO [main] letcodeProject:32 - Browser Opened
2023-01-21 14:49:18,330  INFO [main] letcodeProject:35 - Browser Maximized
2023-01-21 14:49:51,147  INFO [main] letcodeProject:40 - URL Opened
2023-01-21 14:50:25,361  INFO [main] letcodeProject:48 - Browser Closed
2023-01-21 14:50:29,597  INFO [main] letcodeProject:32 - Browser Opened
2023-01-21 14:50:30,265  INFO [main] letcodeProject:35 - Browser Maximized
2023-01-21 14:50:46,050  INFO [main] letcodeProject:40 - URL Opened
2023-01-21 14:51:21,593  INFO [main] letcodeProject:48 - Browser Closed
2023-01-21 15:05:49,086  INFO [main] letcodeProject:32 - Browser Opened
2023-01-21 15:05:50,122  INFO [main] letcodeProject:35 - Browser Maximized
2023-01-21 15:06:09,616  INFO [main] letcodeProject:40 - URL Opened
2023-01-21 15:06:20,881  INFO [main] letcodeProject:35 - Welcome Dhanashri
2023-01-21 15:06:21,799  INFO [main] letcodeProject:48 - Browser Closed
2023-01-21 15:06:25,877  INFO [main] letcodeProject:32 - Browser Opened
2023-01-21 15:06:27,135  INFO [main] letcodeProject:35 - Browser Maximized
2023-01-21 15:07:06,126  INFO [main] letcodeProject:40 - URL Opened
2023-01-21 15:07:40,106  INFO [main] letcodeProject:48 - Browser Closed
2023-01-21 15:07:43,928  INFO [main] letcodeProject:32 - Browser Opened
2023-01-21 15:07:44,474  INFO [main] letcodeProject:35 - Browser Maximized
2023-01-21 15:08:09,149  INFO [main] letcodeProject:40 - URL Opened
2023-01-21 15:08:43,877  INFO [main] letcodeProject:48 - Browser Closed
2023-01-21 15:08:48,662  INFO [main] letcodeProject:32 - Browser Opened
2023-01-21 15:08:49,165  INFO [main] letcodeProject:35 - Browser Maximized
2023-01-21 15:09:16,547  INFO [main] letcodeProject:40 - URL Opened
2023-01-21 15:09:51,751  INFO [main] letcodeProject:48 - Browser Closed
2023-01-21 15:12:22,039  INFO [main] letcodeProject:32 - Browser Opened
2023-01-21 15:12:22,436  INFO [main] letcodeProject:35 - Browser Maximized
2023-01-21 15:12:42,284  INFO [main] letcodeProject:40 - URL Opened
2023-01-21 15:12:49,821  INFO [main] letcodeProject:35 - Welcome Dhanashri
2023-01-21 15:12:50,786  INFO [main] letcodeProject:48 - Browser Closed
2023-01-21 15:12:54,496  INFO [main] letcodeProject:32 - Browser Opened
2023-01-21 15:12:54,929  INFO [main] letcodeProject:35 - Browser Maximized
2023-01-21 15:13:25,140  INFO [main] letcodeProject:40 - URL Opened
2023-01-21 15:13:58,606  INFO [main] letcodeProject:48 - Browser Closed
2023-01-21 15:14:02,259  INFO [main] letcodeProject:32 - Browser Opened
2023-01-21 15:14:02,736  INFO [main] letcodeProject:35 - Browser Maximized
2023-01-21 15:14:22,481  INFO [main] letcodeProject:40 - URL Opened
2023-01-21 15:14:56,967  INFO [main] letcodeProject:48 - Browser Closed
2023-01-21 15:15:01,263  INFO [main] letcodeProject:32 - Browser Opened
2023-01-21 15:15:01,745  INFO [main] letcodeProject:35 - Browser Maximized
2023-01-21 15:15:26,193  INFO [main] letcodeProject:40 - URL Opened
2023-01-21 15:15:59,871  INFO [main] letcodeProject:48 - Browser Closed
2023-01-21 15:37:52,767  INFO [main] letcodeProject:32 - Browser Opened
2023-01-21 15:37:52,805  INFO [main] letcodeProject:35 - Browser Maximized
2023-01-21 15:38:23,091  INFO [main] letcodeProject:40 - URL Opened
2023-01-21 15:38:29,329  INFO [main] letcodeProject:35 - 
2023-01-21 15:38:30,408  INFO [main] letcodeProject:48 - Browser Closed
2023-01-21 15:40:14,052  INFO [main] letcodeProject:32 - Browser Opened
2023-01-21 15:40:14,066  INFO [main] letcodeProject:35 - Browser Maximized
2023-01-21 15:40:30,293  INFO [main] letcodeProject:40 - URL Opened
2023-01-21 15:41:04,576  INFO [main] letcodeProject:48 - Browser Closed
2023-01-21 15:41:09,845  INFO [main] letcodeProject:32 - Browser Opened
2023-01-21 15:41:09,866  INFO [main] letcodeProject:35 - Browser Maximized
2023-01-21 15:41:17,269  INFO [main] letcodeProject:40 - URL Opened
2023-01-21 15:41:51,012  INFO [main] letcodeProject:48 - Browser Closed
2023-01-21 15:41:56,159  INFO [main] letcodeProject:32 - Browser Opened
2023-01-21 15:41:56,270  INFO [main] letcodeProject:35 - Browser Maximized
2023-01-21 15:42:09,716  INFO [main] letcodeProject:40 - URL Opened
2023-01-21 15:42:43,404  INFO [main] letcodeProject:48 - Browser Closed
2023-01-21 15:47:51,306  INFO [main] letcodeProject:32 - Browser Opened
2023-01-21 15:47:51,325  INFO [main] letcodeProject:35 - Browser Maximized
2023-01-21 15:48:12,461  INFO [main] letcodeProject:40 - URL Opened
2023-01-21 15:48:17,639  INFO [main] letcodeProject:35 - 
2023-01-21 15:48:19,200  INFO [main] letcodeProject:48 - Browser Closed
2023-01-21 15:48:24,240  INFO [main] letcodeProject:32 - Browser Opened
2023-01-21 15:48:24,252  INFO [main] letcodeProject:35 - Browser Maximized
2023-01-21 15:48:38,737  INFO [main] letcodeProject:40 - URL Opened
2023-01-21 15:49:11,825  INFO [main] letcodeProject:48 - Browser Closed
2023-01-21 15:49:16,743  INFO [main] letcodeProject:32 - Browser Opened
2023-01-21 15:49:16,760  INFO [main] letcodeProject:35 - Browser Maximized
2023-01-21 15:49:30,902  INFO [main] letcodeProject:40 - URL Opened
2023-01-21 15:50:03,664  INFO [main] letcodeProject:48 - Browser Closed
2023-01-21 15:50:08,247  INFO [main] letcodeProject:32 - Browser Opened
2023-01-21 15:50:08,319  INFO [main] letcodeProject:35 - Browser Maximized
2023-01-21 15:50:32,695  INFO [main] letcodeProject:40 - URL Opened
2023-01-21 15:51:05,031  INFO [main] letcodeProject:48 - Browser Closed
2023-01-21 18:07:36,395  INFO [main] letcodeProject:32 - Browser Opened
2023-01-21 18:07:36,471  INFO [main] letcodeProject:35 - Browser Maximized
2023-01-21 18:07:48,599  INFO [main] letcodeProject:40 - URL Opened
2023-01-21 18:07:53,795  INFO [main] letcodeProject:35 - 
2023-01-21 18:07:55,846  INFO [main] letcodeProject:48 - Browser Closed
2023-01-21 18:08:01,666  INFO [main] letcodeProject:32 - Browser Opened
2023-01-21 18:08:01,682  INFO [main] letcodeProject:35 - Browser Maximized
2023-01-21 18:08:18,141  INFO [main] letcodeProject:40 - URL Opened
2023-01-21 18:08:51,750  INFO [main] letcodeProject:48 - Browser Closed
2023-01-21 18:08:58,547  INFO [main] letcodeProject:32 - Browser Opened
2023-01-21 18:08:58,713  INFO [main] letcodeProject:35 - Browser Maximized
2023-01-22 10:35:49,429  INFO [main] letcodeProject:32 - Browser Opened
2023-01-22 10:35:49,541  INFO [main] letcodeProject:35 - Browser Maximized
2023-01-22 10:36:06,308  INFO [main] letcodeProject:40 - URL Opened
2023-01-22 10:36:12,418  INFO [main] letcodeProject:35 - 
2023-01-22 10:36:15,148  INFO [main] letcodeProject:48 - Browser Closed
2023-01-22 10:36:23,222  INFO [main] letcodeProject:32 - Browser Opened
2023-01-22 10:36:23,241  INFO [main] letcodeProject:35 - Browser Maximized
2023-01-22 10:36:35,966  INFO [main] letcodeProject:40 - URL Opened
2023-01-22 10:37:11,290  INFO [main] letcodeProject:48 - Browser Closed
2023-01-22 10:37:18,856  INFO [main] letcodeProject:32 - Browser Opened
2023-01-22 10:37:18,874  INFO [main] letcodeProject:35 - Browser Maximized
2023-01-22 10:37:33,646  INFO [main] letcodeProject:40 - URL Opened
2023-01-22 10:38:09,755  INFO [main] letcodeProject:48 - Browser Closed
2023-01-22 10:38:17,909  INFO [main] letcodeProject:32 - Browser Opened
2023-01-22 10:38:17,939  INFO [main] letcodeProject:35 - Browser Maximized
2023-01-22 10:38:47,109  INFO [main] letcodeProject:40 - URL Opened
2023-01-22 10:39:21,008  INFO [main] letcodeProject:48 - Browser Closed
2023-01-22 10:49:22,019  INFO [main] letcodeProject:32 - Browser Opened
2023-01-22 10:49:22,069  INFO [main] letcodeProject:35 - Browser Maximized
2023-01-22 10:49:45,756  INFO [main] letcodeProject:40 - URL Opened
2023-01-22 10:49:51,961  INFO [main] letcodeProject:33 - 
2023-01-22 10:49:55,133  INFO [main] letcodeProject:48 - Browser Closed
2023-01-22 10:50:02,873  INFO [main] letcodeProject:32 - Browser Opened
2023-01-22 10:50:02,978  INFO [main] letcodeProject:35 - Browser Maximized
2023-01-22 10:50:26,709  INFO [main] letcodeProject:40 - URL Opened
2023-01-22 10:51:01,377  INFO [main] letcodeProject:48 - Browser Closed
2023-01-22 10:51:08,645  INFO [main] letcodeProject:32 - Browser Opened
2023-01-22 10:51:08,690  INFO [main] letcodeProject:35 - Browser Maximized
2023-01-22 10:51:25,672  INFO [main] letcodeProject:40 - URL Opened
2023-01-22 10:52:00,708  INFO [main] letcodeProject:48 - Browser Closed
2023-01-22 10:52:07,557  INFO [main] letcodeProject:32 - Browser Opened
2023-01-22 10:52:07,578  INFO [main] letcodeProject:35 - Browser Maximized
2023-01-22 10:52:19,971  INFO [main] letcodeProject:40 - URL Opened
2023-01-22 10:52:54,015  INFO [main] letcodeProject:48 - Browser Closed
2023-01-22 10:58:04,371  INFO [main] letcodeProject:32 - Browser Opened
2023-01-22 10:58:04,476  INFO [main] letcodeProject:35 - Browser Maximized
2023-01-22 10:58:16,122  INFO [main] letcodeProject:40 - URL Opened
2023-01-22 10:58:21,773  INFO [main] letcodeProject:34 - Welcome Dhanashri
2023-01-22 10:58:26,550  INFO [main] letcodeProject:48 - Browser Closed
2023-01-22 10:58:33,734  INFO [main] letcodeProject:32 - Browser Opened
2023-01-22 10:58:33,767  INFO [main] letcodeProject:35 - Browser Maximized
2023-01-22 10:58:44,894  INFO [main] letcodeProject:40 - URL Opened
2023-01-22 10:59:21,835  INFO [main] letcodeProject:48 - Browser Closed
2023-01-22 10:59:28,616  INFO [main] letcodeProject:32 - Browser Opened
2023-01-22 10:59:28,750  INFO [main] letcodeProject:35 - Browser Maximized
2023-01-22 10:59:49,149  INFO [main] letcodeProject:40 - URL Opened
2023-01-22 11:00:25,697  INFO [main] letcodeProject:48 - Browser Closed
2023-01-22 11:00:36,000  INFO [main] letcodeProject:32 - Browser Opened
2023-01-22 11:00:36,023  INFO [main] letcodeProject:35 - Browser Maximized
2023-01-22 11:00:49,041  INFO [main] letcodeProject:40 - URL Opened
2023-01-22 11:01:27,348  INFO [main] letcodeProject:48 - Browser Closed
2023-01-22 11:03:04,360  INFO [main] letcodeProject:32 - Browser Opened
2023-01-22 11:03:04,390  INFO [main] letcodeProject:35 - Browser Maximized
2023-01-22 11:03:19,959  INFO [main] letcodeProject:40 - URL Opened
2023-01-22 11:03:26,032  INFO [main] letcodeProject:34 - 
2023-01-22 11:03:30,731  INFO [main] letcodeProject:48 - Browser Closed
2023-01-22 11:03:39,586  INFO [main] letcodeProject:32 - Browser Opened
2023-01-22 11:03:39,600  INFO [main] letcodeProject:35 - Browser Maximized
2023-01-22 11:04:00,396  INFO [main] letcodeProject:40 - URL Opened
2023-01-22 11:04:36,533  INFO [main] letcodeProject:48 - Browser Closed
2023-01-22 11:04:45,798  INFO [main] letcodeProject:32 - Browser Opened
2023-01-22 11:04:45,814  INFO [main] letcodeProject:35 - Browser Maximized
2023-01-22 11:04:59,127  INFO [main] letcodeProject:40 - URL Opened
2023-01-22 11:05:37,177  INFO [main] letcodeProject:48 - Browser Closed
2023-01-22 11:05:45,229  INFO [main] letcodeProject:32 - Browser Opened
2023-01-22 11:05:45,440  INFO [main] letcodeProject:35 - Browser Maximized
2023-01-22 11:05:58,434  INFO [main] letcodeProject:40 - URL Opened
2023-01-22 11:06:40,402  INFO [main] letcodeProject:48 - Browser Closed
2023-01-22 11:07:51,678  INFO [main] letcodeProject:32 - Browser Opened
2023-01-22 11:07:51,721  INFO [main] letcodeProject:35 - Browser Maximized
2023-01-22 11:08:31,084  INFO [main] letcodeProject:40 - URL Opened
2023-01-22 11:08:43,248  INFO [main] letcodeProject:34 - 
2023-01-22 11:08:47,666  INFO [main] letcodeProject:48 - Browser Closed
2023-01-22 11:08:55,164  INFO [main] letcodeProject:32 - Browser Opened
2023-01-22 11:08:55,229  INFO [main] letcodeProject:35 - Browser Maximized
2023-01-22 11:09:12,427  INFO [main] letcodeProject:40 - URL Opened
2023-01-22 11:09:49,513  INFO [main] letcodeProject:48 - Browser Closed
2023-01-22 11:09:57,640  INFO [main] letcodeProject:32 - Browser Opened
2023-01-22 11:09:57,653  INFO [main] letcodeProject:35 - Browser Maximized
2023-01-22 11:10:18,803  INFO [main] letcodeProject:40 - URL Opened
2023-01-22 11:10:56,422  INFO [main] letcodeProject:48 - Browser Closed
2023-01-22 11:11:03,973  INFO [main] letcodeProject:32 - Browser Opened
2023-01-22 11:11:04,000  INFO [main] letcodeProject:35 - Browser Maximized
2023-01-22 11:11:17,563  INFO [main] letcodeProject:40 - URL Opened
2023-01-22 11:11:54,175  INFO [main] letcodeProject:48 - Browser Closed
2023-01-22 11:16:42,170  INFO [main] letcodeProject:32 - Browser Opened
2023-01-22 11:16:42,230  INFO [main] letcodeProject:35 - Browser Maximized
2023-01-22 11:17:07,809  INFO [main] letcodeProject:40 - URL Opened
2023-01-22 11:17:19,342  INFO [main] letcodeProject:48 - Browser Closed
2023-01-22 11:17:27,492  INFO [main] letcodeProject:32 - Browser Opened
2023-01-22 11:17:27,515  INFO [main] letcodeProject:35 - Browser Maximized
2023-01-22 11:17:51,894  INFO [main] letcodeProject:40 - URL Opened
2023-01-22 11:18:02,780  INFO [main] letcodeProject:48 - Browser Closed
2023-01-22 11:18:10,678  INFO [main] letcodeProject:32 - Browser Opened
2023-01-22 11:18:10,690  INFO [main] letcodeProject:35 - Browser Maximized
2023-01-22 11:18:38,933  INFO [main] letcodeProject:40 - URL Opened
2023-01-22 11:18:49,451  INFO [main] letcodeProject:48 - Browser Closed
2023-01-22 11:18:59,513  INFO [main] letcodeProject:32 - Browser Opened
2023-01-22 11:18:59,726  INFO [main] letcodeProject:35 - Browser Maximized
2023-01-22 11:19:12,875  INFO [main] letcodeProject:40 - URL Opened
2023-01-22 11:19:25,321  INFO [main] letcodeProject:48 - Browser Closed
2023-01-22 13:59:12,658  INFO [main] letcodeProject:32 - Browser Opened
2023-01-22 13:59:12,760  INFO [main] letcodeProject:35 - Browser Maximized
2023-01-22 14:00:17,236  INFO [main] letcodeProject:40 - URL Opened
2023-01-22 14:00:20,109  INFO [main] letcodeProject:48 - Browser Closed
2023-01-22 14:20:33,098  INFO [main] letcodeProject:32 - Browser Opened
2023-01-22 14:20:33,123  INFO [main] letcodeProject:35 - Browser Maximized
2023-01-22 14:20:40,905  INFO [main] letcodeProject:40 - URL Opened
2023-01-22 14:20:43,477  INFO [main] letcodeProject:31 - Chatterjee
2023-01-22 14:20:43,530  INFO [main] letcodeProject:31 - 
2023-01-22 14:20:45,405  INFO [main] letcodeProject:48 - Browser Closed
2023-01-22 14:27:31,950  INFO [main] letcodeProject:32 - Browser Opened
2023-01-22 14:27:31,982  INFO [main] letcodeProject:35 - Browser Maximized
2023-01-22 14:29:03,574  INFO [main] letcodeProject:40 - URL Opened
2023-01-22 14:29:05,493  INFO [main] letcodeProject:31 - Chatterjee
2023-01-22 14:29:05,539  INFO [main] letcodeProject:31 - Raj
2023-01-22 14:29:05,607  INFO [main] letcodeProject:31 - Man
2023-01-22 14:29:05,663  INFO [main] letcodeProject:31 - 
2023-01-22 14:29:07,604  INFO [main] letcodeProject:48 - Browser Closed
2023-01-22 14:37:18,165  INFO [main] letcodeProject:32 - Browser Opened
2023-01-22 14:37:18,223  INFO [main] letcodeProject:35 - Browser Maximized
2023-01-22 14:38:46,024  INFO [main] letcodeProject:32 - Browser Opened
2023-01-22 14:38:46,146  INFO [main] letcodeProject:35 - Browser Maximized
2023-01-22 14:38:57,269  INFO [main] letcodeProject:40 - URL Opened
2023-01-22 14:39:02,533  INFO [main] letcodeProject:48 - Browser Closed
2023-01-22 14:40:45,283  INFO [main] letcodeProject:32 - Browser Opened
2023-01-22 14:40:45,313  INFO [main] letcodeProject:35 - Browser Maximized
2023-01-22 14:42:30,021  INFO [main] letcodeProject:40 - URL Opened
2023-01-22 14:43:04,258  INFO [main] letcodeProject:48 - Browser Closed
2023-01-22 14:44:29,420  INFO [main] letcodeProject:32 - Browser Opened
2023-01-22 14:44:29,462  INFO [main] letcodeProject:35 - Browser Maximized
2023-01-22 14:44:45,376  INFO [main] letcodeProject:40 - URL Opened
2023-01-22 14:44:50,036  INFO [main] letcodeProject:48 - Browser Closed
2023-01-22 14:51:21,242  INFO [main] letcodeProject:32 - Browser Opened
2023-01-22 14:51:21,268  INFO [main] letcodeProject:35 - Browser Maximized
2023-01-22 14:52:41,691  INFO [main] letcodeProject:40 - URL Opened
2023-01-22 14:52:43,578  INFO [main] letcodeProject:31 - 150
2023-01-22 14:52:45,115  INFO [main] letcodeProject:48 - Browser Closed
2023-01-22 14:54:11,507  INFO [main] letcodeProject:32 - Browser Opened
2023-01-22 14:54:11,543  INFO [main] letcodeProject:35 - Browser Maximized
2023-01-22 14:56:15,188  INFO [main] letcodeProject:40 - URL Opened
2023-01-22 14:56:16,791  INFO [main] letcodeProject:31 - 180
2023-01-22 14:56:16,820  INFO [main] letcodeProject:31 - 48
2023-01-22 14:56:16,848  INFO [main] letcodeProject:31 - 480
2023-01-22 14:56:17,966  INFO [main] letcodeProject:48 - Browser Closed
2023-01-22 15:04:37,101  INFO [main] letcodeProject:32 - Browser Opened
2023-01-22 15:04:37,143  INFO [main] letcodeProject:35 - Browser Maximized
2023-01-22 15:05:52,005  INFO [main] letcodeProject:40 - URL Opened
2023-01-22 15:05:53,702  INFO [main] letcodeProject:33 - -1
2023-01-22 15:05:53,743  INFO [main] letcodeProject:33 - -1
2023-01-22 15:05:53,757  INFO [main] letcodeProject:33 - -1
2023-01-22 15:05:53,782  INFO [main] letcodeProject:33 - -1
2023-01-22 15:05:55,236  INFO [main] letcodeProject:48 - Browser Closed
2023-01-22 15:08:31,695  INFO [main] letcodeProject:32 - Browser Opened
2023-01-22 15:08:31,751  INFO [main] letcodeProject:35 - Browser Maximized
2023-01-22 15:09:54,406  INFO [main] letcodeProject:40 - URL Opened
2023-01-22 15:09:56,058  INFO [main] letcodeProject:33 - 1658690747
2023-01-22 15:09:56,078  INFO [main] letcodeProject:33 - 1658690747
2023-01-22 15:09:56,097  INFO [main] letcodeProject:33 - 1658690747
2023-01-22 15:09:56,113  INFO [main] letcodeProject:33 - 1658690747
2023-01-22 15:09:57,767  INFO [main] letcodeProject:48 - Browser Closed
2023-01-22 16:05:39,665  INFO [main] letcodeProject:32 - Browser Opened
2023-01-22 16:05:39,700  INFO [main] letcodeProject:35 - Browser Maximized
2023-01-22 16:07:28,758  INFO [main] letcodeProject:40 - URL Opened
2023-01-22 16:07:30,511  INFO [main] letcodeProject:33 - Total = 858
2023-01-22 16:07:32,145  INFO [main] letcodeProject:48 - Browser Closed
2023-01-22 16:09:53,362  INFO [main] letcodeProject:32 - Browser Opened
2023-01-22 16:09:53,394  INFO [main] letcodeProject:35 - Browser Maximized
2023-01-22 16:11:42,451  INFO [main] letcodeProject:40 - URL Opened
2023-01-22 16:11:43,952  INFO [main] letcodeProject:33 - Total = 858
2023-01-22 16:11:45,399  INFO [main] letcodeProject:48 - Browser Closed
2023-01-22 16:33:44,620  INFO [main] letcodeProject:32 - Browser Opened
2023-01-22 16:33:44,650  INFO [main] letcodeProject:35 - Browser Maximized
2023-01-22 16:34:02,952  INFO [main] letcodeProject:40 - URL Opened
2023-01-22 16:34:05,026  INFO [main] letcodeProject:31 - Total = 858
2023-01-22 16:34:05,050  INFO [main] letcodeProject:35 - 858
2023-01-22 16:34:07,007  INFO [main] letcodeProject:48 - Browser Closed
2023-01-22 16:37:40,495  INFO [main] letcodeProject:32 - Browser Opened
2023-01-22 16:37:40,549  INFO [main] letcodeProject:35 - Browser Maximized
2023-01-22 16:37:50,588  INFO [main] letcodeProject:40 - URL Opened
2023-01-22 16:37:53,417  INFO [main] letcodeProject:31 - Total = 858
2023-01-22 16:37:53,458  INFO [main] letcodeProject:35 - 858
2023-01-22 16:37:55,773  INFO [main] letcodeProject:48 - Browser Closed
2023-01-22 16:44:01,242  INFO [main] letcodeProject:32 - Browser Opened
2023-01-22 16:44:01,288  INFO [main] letcodeProject:35 - Browser Maximized
2023-01-22 16:44:10,311  INFO [main] letcodeProject:40 - URL Opened
2023-01-22 16:44:12,615  INFO [main] letcodeProject:32 - Total = 858
2023-01-22 16:44:12,640  INFO [main] letcodeProject:37 - 858
2023-01-22 16:44:14,859  INFO [main] letcodeProject:48 - Browser Closed
2023-01-22 17:06:52,406  INFO [main] letcodeProject:32 - Browser Opened
2023-01-22 17:06:52,459  INFO [main] letcodeProject:35 - Browser Maximized
2023-01-22 17:07:05,148  INFO [main] letcodeProject:40 - URL Opened
2023-01-22 17:07:09,110  INFO [main] letcodeProject:48 - Browser Closed
2023-01-22 22:40:14,106  INFO [main] letcodeProject:32 - Browser Opened
2023-01-22 22:40:14,181  INFO [main] letcodeProject:35 - Browser Maximized
2023-01-22 22:40:48,992  INFO [main] letcodeProject:40 - URL Opened
2023-01-22 22:40:58,462  INFO [main] letcodeProject:48 - Browser Closed
2023-01-22 22:41:53,384  INFO [main] letcodeProject:32 - Browser Opened
2023-01-22 22:41:53,418  INFO [main] letcodeProject:35 - Browser Maximized
2023-01-22 22:42:18,637  INFO [main] letcodeProject:40 - URL Opened
2023-01-22 22:42:23,691  INFO [main] letcodeProject:48 - Browser Closed
2023-01-22 22:48:04,088  INFO [main] letcodeProject:32 - Browser Opened
2023-01-22 22:48:04,131  INFO [main] letcodeProject:35 - Browser Maximized
2023-01-22 22:48:39,044  INFO [main] letcodeProject:40 - URL Opened
2023-01-22 22:48:44,088  INFO [main] letcodeProject:48 - Browser Closed
2023-01-22 22:57:48,374  INFO [main] letcodeProject:32 - Browser Opened
2023-01-22 22:57:48,485  INFO [main] letcodeProject:35 - Browser Maximized
2023-01-22 22:59:09,464  INFO [main] letcodeProject:40 - URL Opened
2023-01-22 22:59:13,306  INFO [main] letcodeProject:48 - Browser Closed
2023-01-22 23:00:02,308  INFO [main] letcodeProject:32 - Browser Opened
2023-01-22 23:00:02,338  INFO [main] letcodeProject:35 - Browser Maximized
2023-01-22 23:00:21,776  INFO [main] letcodeProject:40 - URL Opened
2023-01-22 23:00:27,137  INFO [main] letcodeProject:48 - Browser Closed
2023-01-22 23:10:09,384  INFO [main] letcodeProject:32 - Browser Opened
2023-01-22 23:10:09,428  INFO [main] letcodeProject:35 - Browser Maximized
2023-01-22 23:10:40,567  INFO [main] letcodeProject:40 - URL Opened
2023-01-22 23:10:55,605  INFO [main] letcodeProject:48 - Browser Closed
2023-01-23 12:09:11,664  INFO [main] letcodeProject:32 - Browser Opened
2023-01-23 12:09:11,721  INFO [main] letcodeProject:35 - Browser Maximized
2023-01-23 12:09:27,978  INFO [main] letcodeProject:40 - URL Opened
2023-01-23 12:09:29,882  INFO [main] letcodeProject:31 - Koushik    
2023-01-23 12:09:29,914  INFO [main] letcodeProject:31 - Chatterjee    
2023-01-23 12:09:29,937  INFO [main] letcodeProject:31 - koushik@letcode.in    
2023-01-23 12:09:29,966  INFO [main] letcodeProject:31 -     
2023-01-23 12:09:29,968  INFO [main] letcodeProject:33 - 
2023-01-23 12:09:29,992  INFO [main] letcodeProject:31 - Yashwanth    
2023-01-23 12:09:30,296  INFO [main] letcodeProject:31 - Raj    
2023-01-23 12:09:30,330  INFO [main] letcodeProject:31 - yashwanth@letcode.in    
2023-01-23 12:09:30,368  INFO [main] letcodeProject:31 -     
2023-01-23 12:09:30,368  INFO [main] letcodeProject:33 - 
2023-01-23 12:09:30,431  INFO [main] letcodeProject:31 - Iron    
2023-01-23 12:09:30,466  INFO [main] letcodeProject:31 - Man    
2023-01-23 12:09:30,538  INFO [main] letcodeProject:31 - man@letcode.in    
2023-01-23 12:09:30,593  INFO [main] letcodeProject:31 -     
2023-01-23 12:09:30,593  INFO [main] letcodeProject:33 - 
2023-01-23 12:09:33,024  INFO [main] letcodeProject:48 - Browser Closed
2023-01-23 12:14:24,293  INFO [main] letcodeProject:32 - Browser Opened
2023-01-23 12:14:24,350  INFO [main] letcodeProject:35 - Browser Maximized
2023-01-23 12:14:55,155  INFO [main] letcodeProject:40 - URL Opened
2023-01-23 12:14:58,630  INFO [main] letcodeProject:48 - Browser Closed
2023-01-23 12:42:31,509  INFO [main] letcodeProject:32 - Browser Opened
2023-01-23 12:42:31,561  INFO [main] letcodeProject:35 - Browser Maximized
2023-01-23 12:42:55,011  INFO [main] letcodeProject:40 - URL Opened
2023-01-23 12:42:58,776  INFO [main] letcodeProject:48 - Browser Closed
2023-01-23 12:46:03,285  INFO [main] letcodeProject:32 - Browser Opened
2023-01-23 12:46:03,312  INFO [main] letcodeProject:35 - Browser Maximized
2023-01-23 12:46:37,925  INFO [main] letcodeProject:40 - URL Opened
2023-01-23 12:46:39,616  INFO [main] letcodeProject:37 - 3
2023-01-23 12:46:39,641  INFO [main] letcodeProject:39 - 3
2023-01-23 12:46:41,174  INFO [main] letcodeProject:48 - Browser Closed
2023-01-23 13:08:53,303  INFO [main] letcodeProject:32 - Browser Opened
2023-01-23 13:08:53,336  INFO [main] letcodeProject:35 - Browser Maximized
2023-01-23 13:09:50,932  INFO [main] letcodeProject:40 - URL Opened
2023-01-23 13:09:52,591  INFO [main] letcodeProject:37 - 3
2023-01-23 13:09:52,609  INFO [main] letcodeProject:39 - 3
2023-01-23 13:09:52,611  INFO [main] letcodeProject:41 - 
2023-01-23 13:09:54,259  INFO [main] letcodeProject:48 - Browser Closed
2023-01-23 15:45:30,311  INFO [main] letcodeProject:39 - Browser Opened
2023-01-23 15:45:30,355  INFO [main] letcodeProject:42 - Browser Maximized
2023-01-23 15:45:43,651  INFO [main] letcodeProject:47 - URL Opened
2023-01-23 15:45:54,364  INFO [main] letcodeProject:55 - Browser Closed
2023-01-23 15:59:26,082  INFO [main] letcodeProject:39 - Browser Opened
2023-01-23 15:59:26,128  INFO [main] letcodeProject:42 - Browser Maximized
2023-01-23 15:59:39,728  INFO [main] letcodeProject:47 - URL Opened
2023-01-23 15:59:45,567  INFO [main] letcodeProject:55 - Browser Closed
2023-01-23 16:19:50,639  INFO [main] letcodeProject:39 - Browser Opened
2023-01-23 16:19:50,681  INFO [main] letcodeProject:42 - Browser Maximized
2023-01-23 16:20:28,314  INFO [main] letcodeProject:47 - URL Opened
2023-01-23 16:20:33,988  INFO [main] letcodeProject:55 - Browser Closed
2023-01-23 16:23:58,918  INFO [main] letcodeProject:39 - Browser Opened
2023-01-23 16:23:58,955  INFO [main] letcodeProject:42 - Browser Maximized
2023-01-23 16:24:17,669  INFO [main] letcodeProject:47 - URL Opened
2023-01-23 16:24:33,223  INFO [main] letcodeProject:55 - Browser Closed
2023-01-23 16:28:31,097  INFO [main] letcodeProject:39 - Browser Opened
2023-01-23 16:28:31,158  INFO [main] letcodeProject:42 - Browser Maximized
2023-01-23 16:28:44,508  INFO [main] letcodeProject:47 - URL Opened
2023-01-23 16:28:49,135  INFO [main] letcodeProject:55 - Browser Closed
2023-01-26 13:29:07,998  INFO [main] letcodeProject:32 - Browser Opened
2023-01-26 13:29:08,037  INFO [main] letcodeProject:35 - Browser Maximized
2023-01-26 13:29:16,949  INFO [main] letcodeProject:40 - URL Opened
2023-01-26 13:29:22,175  INFO [main] letcodeProject:48 - Browser Closed
2023-01-26 13:36:25,361  INFO [main] letcodeProject:32 - Browser Opened
2023-01-26 13:36:25,389  INFO [main] letcodeProject:35 - Browser Maximized
2023-01-26 13:36:35,358  INFO [main] letcodeProject:40 - URL Opened
2023-01-26 13:36:40,576  INFO [main] letcodeProject:48 - Browser Closed
2023-01-26 13:38:07,598  INFO [main] letcodeProject:32 - Browser Opened
2023-01-26 13:38:07,628  INFO [main] letcodeProject:35 - Browser Maximized
2023-01-26 13:38:18,054  INFO [main] letcodeProject:40 - URL Opened
2023-01-26 13:38:23,990  INFO [main] letcodeProject:48 - Browser Closed
2023-01-29 08:21:32,571  INFO [main] letcodeProject:34 - Browser Opened
2023-01-29 08:21:32,621  INFO [main] letcodeProject:37 - Browser Maximized
2023-01-29 08:21:42,498  INFO [main] letcodeProject:42 - URL Opened
2023-01-29 08:21:47,262  INFO [main] letcodeProject:50 - Browser Closed
2023-01-29 08:41:02,919  INFO [main] letcodeProject:34 - Browser Opened
2023-01-29 08:41:02,947  INFO [main] letcodeProject:37 - Browser Maximized
2023-01-29 08:41:11,496  INFO [main] letcodeProject:42 - URL Opened
2023-01-29 08:41:16,205  INFO [main] letcodeProject:50 - Browser Closed
2023-01-29 08:53:16,275  INFO [main] letcodeProject:34 - Browser Opened
2023-01-29 08:53:16,317  INFO [main] letcodeProject:37 - Browser Maximized
2023-01-29 08:53:26,770  INFO [main] letcodeProject:42 - URL Opened
2023-01-29 08:53:28,900  INFO [main] letcodeProject:50 - Browser Closed
2023-01-29 08:55:17,377  INFO [main] letcodeProject:34 - Browser Opened
2023-01-29 08:55:17,438  INFO [main] letcodeProject:37 - Browser Maximized
2023-01-29 08:55:24,856  INFO [main] letcodeProject:42 - URL Opened
2023-01-29 08:55:26,809  INFO [main] letcodeProject:50 - Browser Closed
2023-01-29 10:20:53,390  INFO [main] letcodeProject:34 - Browser Opened
2023-01-29 10:20:53,440  INFO [main] letcodeProject:37 - Browser Maximized
2023-01-29 10:21:07,601  INFO [main] letcodeProject:42 - URL Opened
2023-01-29 10:21:10,799  INFO [main] letcodeProject:50 - Browser Closed
2023-01-29 10:22:57,809  INFO [main] letcodeProject:34 - Browser Opened
2023-01-29 10:22:57,880  INFO [main] letcodeProject:37 - Browser Maximized
2023-01-29 10:23:08,182  INFO [main] letcodeProject:42 - URL Opened
2023-01-29 10:23:14,716  INFO [main] letcodeProject:50 - Browser Closed
2023-01-29 10:31:30,483  INFO [main] letcodeProject:34 - Browser Opened
2023-01-29 10:31:30,686  INFO [main] letcodeProject:37 - Browser Maximized
2023-01-29 10:31:47,947  INFO [main] letcodeProject:42 - URL Opened
2023-01-29 10:31:50,139  INFO [main] letcodeProject:50 - Browser Closed
2023-01-29 10:37:22,109  INFO [main] letcodeProject:34 - Browser Opened
2023-01-29 10:37:22,145  INFO [main] letcodeProject:37 - Browser Maximized
2023-01-29 10:37:31,801  INFO [main] letcodeProject:42 - URL Opened
2023-01-29 10:37:34,391  INFO [main] letcodeProject:50 - Browser Closed
2023-01-29 10:41:18,463  INFO [main] letcodeProject:34 - Browser Opened
2023-01-29 10:41:18,505  INFO [main] letcodeProject:37 - Browser Maximized
2023-01-29 10:41:35,433  INFO [main] letcodeProject:42 - URL Opened
2023-01-29 11:11:02,703  INFO [main] letcodeProject:34 - Browser Opened
2023-01-29 11:11:02,748  INFO [main] letcodeProject:37 - Browser Maximized
2023-01-29 11:11:14,592  INFO [main] letcodeProject:42 - URL Opened
2023-01-29 11:11:21,656  INFO [main] letcodeProject:50 - Browser Closed
2023-01-29 13:24:20,537  INFO [main] letcodeProject:34 - Browser Opened
2023-01-29 13:24:20,613  INFO [main] letcodeProject:37 - Browser Maximized
2023-01-29 13:24:31,119  INFO [main] letcodeProject:42 - URL Opened
2023-01-29 13:24:36,311  INFO [main] letcodeProject:50 - Browser Closed
